17 1900 7005 837 48 2009 3156 303 4839 4094 5497 1335 445 3580 8703 1138 4059 5137
9 1992 4377 2949 606 3444 7318 7429 8292 7936
8 4435 8630 9084 8518 5018 9888 6807 9913
1 9256
21 5299 1815 9675 7952 2576 2296 1209 1664 3457 1993 190 8271 6783 6135 9020 268 4379 7640 677 7399 7270
31 7293 5113 6115 1528 5192 920 2920 84 1492 2432 5445 3743 9698 3527 1305 7320 1978 6654 3988 8329 769 2106 6456 6901 1438 7070 3253 700 3607 9393 1178
39 945 3471 4885 1315 8149 1543 5424 7475 6694 1066 4309 4214 3572 6110 9216 6780 9544 6794 9523 3236 8024 9851 157 9852 5744 7229 222 4894 4833 2356 8509 88 9581 3951 8175 530 4184 8204 2581
9 2571 5890 3329 6952 2917 6150 6656 6457 4679
6 4414 6044 3333 585 9935 8578
5 8382 1635 9401 9305 7913
39 6404 9768 8978 1867 4665 7928 297 3869 5510 273 5358 4437 9901 5693 9514 9412 8351 7249 61 2519 8587 6296 2135 6765 4687 2774 1273 5227 3025 7911 9691 9267 961 3055 2531 5090 3017 7329 203
18 19 9627 1447 1888 3103 6269 4637 9976 3257 6916 7957 3549 3024 1515 2147 7975 7553 4829
17 5517 9003 7104 2788 4848 3410 9254 7657 7198 6412 8736 610 7965 400 5402 6069 9504
65 1593 117 8557 3371 200 5205 4349 6822 4307 6724 3168 8342 2735 3200 3005 6695 4761 8699 4080 8406 6304 4225 1200 627 1372 8146 6875 8133 3067 7357 4742 7993 5440 9974 7585 1830 7141 975 3197 6265 8448 1995 4733 565 483 6189 6735 6547 2784 533 6228 6710 6418 2603 271 2278 2507 328 2934 2123 9996 1609 8484 2986 3654
14 4935 1313 2465 8559 9757 6139 1757 4071 6410 6711 6913 7499 3972 8890
100 3375 2166 4020 8262 9805 9965 5049 672 5282 5727 4984 8370 8832 3603 519 3546 6053 7230 394 423 5856 4648 2720 5086 4794 768 825 9625 3294 119 9347 32 474 4980 9164 4112 7471 7557 5948 7430 1240 1674 5668 8787 7465 9314 8711 6793 3915 9701 4430 8512 1875 2793 3351 2023 4074 1911 6905 7212 7090 4330 2419 8872 4259 9612 1302 3421 2947 6736 2667 7608 7865 4433 9077 839 7914 2990 1065 6253 2837 714 3788 5882 3501 7982 4360 5627 6137 6359 3136 8662 3382 7637 5530 5605 5347 2850 1165 1778
11 4910 1465 2783 6123 6239 8803 1503 8435 6831 2056 666
17 3616 2883 497 2436 734 9306 9078 8203 4693 3281 109 6206 5235 7314 8784 9733 9550
12 2538 6466 8236 3821 6706 3555 1097 4601 7685 4455 6424 7862
29 9274 5387 5721 9670 206 3445 3411 4428 277 7677 489 3544 8219 3129 169 1984 3855 6361 7319 6307 6804 5716 1054 6438 6003 7768 5654 3739 311
11 4346 2838 2316 9137 3692 3830 3840 3758 24 8310 563
78 6004 2566 2060 3245 6849 9869 6048 5887 3540 8489 2357 1090 6922 3564 5335 1869 6220 5089 568 8104 6338 8675 8586 3188 9411 4502 1512 1267 5615 6607 8112 1530 9549 5751 4842 8059 854 7190 9707 7186 9559 9864 183 2129 5548 5600 6066 2938 3124 7164 9774 682 716 6923 8148 5593 5913 8659 4489 6977 3450 7502 6422 1628 7407 9159 826 3811 9512 7630 624 1431 8760 9075 3717 6874 9629 9927
65 3693 3208 1866 1269 3817 4171 4659 5025 41 5598 3051 4233 3976 9626 956 3786 2651 4948 211 3148 2512 3426 7116 5719 2520 225 7243 6718 6851 8085 5324 3891 8989 4153 6786 3170 950 3849 4507 4661 8792 57 2941 5406 2559 7572 8588 9325 3068 376 1170 5601 3398 513 7088 7956 9806 6502 8128 8708 892 7759 6327 7373 6403
5 378 4194 8642 896 1874
26 2828 4056 7442 417 7692 2696 4028 8158 3112 6160 3541 6024 3605 2026 4706 7710 7406 823 8086 3442 6199 7253 4914 7612 9654 719
7 2881 9042 187 6536 6570 2536 6039
2 2999 6252
12 8055 656 1228 3958 4536 8449 1845 9202 4494 6575 7554 9121
61 2963 375 8458 5766 856 1986 3196 2578 3047 5189 7934 1794 8795 502 3816 8728 166 9207 8302 1773 208 8555 7188 6971 615 2511 3090 1363 3364 8378 8856 986 1557 7428 9166 6202 6742 9705 1079 3632 3513 8671 1349 2869 2711 7690 7451 3585 9846 8868 8425 1386 4021 4421 9680 9087 8614 1613 1908 7171 8773
80 6402 4511 5381 6182 2742 284 1189 775 6023 6485 8190 5955 1625 4973 6293 3697 8167 1111 6381 6119 7438 2973 7092 5771 4855 8191 2293 9068 3176 4815 419 1441 6076 381 8338 8462 3435 159 5717 6026 4143 4630 4882 8155 7129 3795 7040 8157 7118 6740 5713 5516 9140 5060 1384 9538 549 9409 7196 4826 4228 2217 2112 753 5477 4657 4017 6430 5234 7884 726 830 9291 8118 69 92 655 4115 6645 7346
6 8102 4090 9282 511 9466 2384
2 2912 5649
41 8955 9345 7494 9610 6329 1735 4713 7114 2313 4704 8367 9450 9947 6244 9619 1323 1100 7861 1627 4034 9316 8681 3655 6942 1565 6132 4958 3629 1863 1550 6186 7134 9820 6101 1527 6843 7889 210 6141 921 8758
20 8566 7994 2036 4873 5576 9134 300 7020 554 156 9071 9890 8445 9464 5295 3030 7704 9926 5507 5332
97 842 3276 5970 6216 9511 4410 4959 1311 95 5218 3409 3239 853 9503 6399 4724 100 3270 5868 9819 8243 1620 7041 942 102 2695 3468 1346 3057 1843 8213 8962 1630 5686 6188 422 1784 8979 4525 9685 3036 1511 1227 8786 2275 9090 553 5087 1777 3420 6903 439 6924 1605 3373 629 617 1475 6222 6639 992 3066 9255 718 4208 7864 2992 2385 6784 8686 3622 4109 7877 7837 3414 5554 2245 5678 5746 3675 1010 3203 1257 2305 7263 7816 4544 1494 4207 372 7709 1883 1215 8737 2006 3579 6912
30 5628 2904 3875 2605 7477 462 172 4585 1835 8653 3778 3167 3557 3105 3029 8328 6698 3732 1968 6652 9035 5602 6836 3542 2681 8040 3596 9561 2686 2418
10 2072 1101 9138 9429 1406 2675 761 583 4255 4467
139 5934 4139 4895 5866 9477 9011 3190 3133 2181 4475 266 6809 9952 2738 6965 9557 6098 6805 6172 7174 241 7398 1601 5853 772 1862 5034 1422 1040 4969 7576 6133 9037 2585 3418 8529 435 8274 4593 9564 9842 8379 9104 2577 8323 7555 8694 704 4328 5861 2143 2426 8747 4355 9144 3531 7207 6237 6739 5285 922 8309 7569 380 5899 4387 9406 212 3384 2020 3770 6476 7445 6537 1206 5885 2927 2802 3119 461 7379 1123 7525 6021 6672 7119 9022 2270 7843 6799 7567 6450 6550 8831 9934 2390 9897 1104 9631 1942 7266 9475 1005 3740 3199 8179 8401 4147 4703 2320 5442 8134 2324 8261 2304 4938 1299 459 6825 852 3798 4654 8368 1584 9421 3267 3104 1831 8079 9633 1415 4594 475 3877 3772 7208 9382 5417 5991
3 7693 9473 2015
9 6618 8698 8075 5409 8412 6058 9452 5808 3147
42 633 5920 4088 4247 2480 8198 2781 1160 64 5012 6767 9313 1912 8882 1745 6409 8637 7846 248 2464 3138 7246 957 2661 1994 7915 2108 9744 2639 4586 1002 3767 2906 5624 6671 3096 3008 8651 1608 3502 7435 7506
27 8464 1430 4673 5967 1491 9546 9127 5535 1864 5287 5300 8804 4450 9505 9199 91 4643 4376 6877 2919 6305 8575 245 1910 9495 1500 8965
91 1221 5069 8652 9286 4653 9761 1326 5636 3735 1970 3990 9720 444 9830 1222 6393 29 7548 5193 1109 7019 4205 1560 2981 661 9563 7211 6689 9289 4031 6649 9402 4327 6526 8664 4078 4867 6340 4792 2673 3477 3122 6316 802 3249 7162 2292 6663 7988 4063 9696 7512 6541 1263 4913 8713 523 5996 6473 1272 9992 9128 7901 8631 175 6893 1220 5465 9526 7364 6280 3833 4223 849 5304 1833 1113 6985 2008 8801 8176 1407 730 8629 3325 902 8892 4875 4260 9226 6031
57 3311 9394 2453 3966 6956 9743 8791 5695 4788 9265 7687 2706 8996 2110 9133 1414 5783 5241 4767 832 8290 147 3366 7135 2787 8229 7493 4836 4966 7323 9497 5809 3530 8187 342 6677 9679 6746 9109 934 3807 8956 9165 1589 5902 3790 9595 5426 5539 9182 5881 348 2260 9731 8940 4756 2297
30 1725 5711 5213 7434 8782 9617 5359 9751 1997 8376 665 2930 7595 7103 560 8021 2641 493 9623 9737 7787 2140 6012 7255 9156 146 2797 5712 9262 4717
82 8521 6842 4781 6647 6749 8346 8585 6579 9845 8902 713 5263 9370 4206 4282 8848 7097 2207 7117 1755 9341 4481 5369 4677 8042 8434 9769 4807 3146 2107 1884 7457 1480 66 2352 1729 3779 2551 7224 2184 2377 4485 2543 4537 374 9364 168 4642 7628 846 7191 9817 4200 9628 4302 8444 164 7156 4656 7840 9273 3721 7234 2105 1223 138 5663 1142 5799 8869 1799 2952 739 649 7574 4546 3050 3646 550 8023 741 1192
6 9702 6630 1697 9002 7232 8878
10 5437 3334 6902 9151 1256 2442 1369 9738 7448 9349
8 7120 9303 5237 1944 3993 6884 8062 7468
46 4347 2327 3859 7048 7535 5289 9752 2399 6752 4863 8840 6523 599 6173 4615 3615 2967 7309 3394 5782 5901 1723 5888 1332 2657 6634 2893 6484 6729 6248 7792 9485 7580 9031 2261 6067 6279 4981 2809 7456 2240 8799 4664 4888 8520 8227
96 6966 6984 7366 128 3651 55 4666 3669 6967 2141 5998 6871 4130 1644 1309 779 506 3746 8783 9362 4869 5245 2366 5425 6538 7558 711 6969 1250 507 2982 1553 7941 501 5160 660 9735 6168 8640 3482 7422 6987 8485 1710 799 2180 3773 3393 4709 3663 1046 9481 9065 3623 4872 2928 646 2867 403 5466 1276 8194 6491 7463 3205 4167 7401 1176 7808 5907 2235 4602 1897 2748 196 6562 8901 1774 671 1595 9319 1193 1568 8207 7203 1102 6582 9030 5818 7515 463 3885 4104 6580 3904 7013
38 5377 141 8644 4907 1637 3453 6121 3157 1580 1521 5757 8225 6356 5182 6493 6379 6633 9712 7561 7372 8823 1271 8506 2975 1564 691 6198 7916 8945 6818 7602 2907 9537 7686 7903 9045 76 1803
8 1752 8774 1232 7209 3584 6041 3314 4048
17 3775 4113 6757 7931 1838 9815 3425 7609 3073 893 1364 2082 8766 8028 6587 4195 6879
6 1013 4353 2061 5816 9613 7804
25 7172 2402 7380 2910 193 780 6392 2233 4245 3326 6455 8864 5473 3826 4227 5212 6596 9684 8826 7226 8806 9981 4866 1660 7444
44 8915 6519 5208 8739 3475 9729 1738 5743 6815 8072 5620 9219 98 4404 9276 5064 2234 6657 3666 5847 5400 9576 3160 5777 6909 4877 7764 3866 494 2523 9645 3901 5070 697 9513 5433 6360 4331 7900 3430 4072 6013 3370 3362
78 7984 4532 8876 4285 1251 5491 2393 1930 2079 8973 4068 8854 6218 8486 9238 8816 9838 3606 4002 1412 9912 6814 354 5201 1734 6247 7874 1634 3640 6670 3463 708 6201 7712 313 4196 9038 2167 843 7381 4749 9180 4111 7654 2415 8420 5112 7882 1062 4652 1489 607 5662 4495 6946 7891 1721 6125 3220 6426 9478 9192 8984 7920 8505 2556 15 415 3403 5933 8239 982 993 5014 1211 7763 2467 2751
6 9463 8595 2972 9015 9836 7464
14 5500 3054 5082 8257 9620 2118 2074 5356 2622 6662 3793 2216 7876 7325
5 9272 5279 3044 4689 7355
31 5161 4772 2601 4249 6641 4705 2187 5566 8035 9586 2737 7245 6615 876 9116 1800 2663 1693 2548 9433 6333 4986 8615 1348 5994 7794 9543 4558 4583 2954 6321
26 8395 9487 2900 1771 3921 1689 2652 2338 1676 9046 715 355 5405 6498 1873 7415 5306 8731 6864 7873 3149 833 5557 9158 2078 7109
19 3991 6571 7010 377 338 7701 7810 5879 5017 7811 2482 4062 990 9847 9920 2220 4293 4843 7347
6 6885 4300 6120 3469 4066 8670
10 5860 6839 7490 9171 3566 4605 5256 3092 6208 3608
27 8667 7691 6159 7823 2829 7150 2171 9641 2885 3974 2790 8768 9141 7342 5769 3636 3851 9139 2132 3839 1433 5699 7647 7045 5756 7193 3708
36 1282 8447 5892 918 65 3789 4696 9778 3601 5764 47 8477 8373 2648 7301 751 6002 2455 3065 908 709 9968 2382 7799 1949 292 6029 8953 2335 3510 2355 6865 7004 7929 5001 3381
45 2126 2935 8277 2315 3753 3466 4170 5990 5837 4141 8272 1685 1980 7614 6584 5143 951 8073 3377 5569 6961 8715 6939 4150 2424 3424 8551 6480 4099 4213 864 9923 1330 5971 724 9283 4965 2077 3436 4782 881 9710 7078 575 2718
27 39 93 9823 527 2937 3925 9871 4953 7645 4003 9191 7594 4128 9187 3169 9106 315 1110 8573 2250 5794 897 5457 3986 6642 7080 3729
28 8038 7334 6566 6138 1655 6625 949 6896 645 4720 1534 1324 4825 2799 6850 7064 7287 9671 674 6437 3396 3512 9657 2397 4496 1024 3317 8184
75 7341 448 4939 4940 3845 2429 3947 5172 1353 8800 1700 6200 4821 7066 529 2791 7102 254 5540 8952 7065 7316 5710 6078 3462 4555 3077 4515 1048 3710 5803 9284 6196 3862 5815 8609 5009 2444 9640 8263 6921 6638 9574 2600 3783 2439 4008 5380 1121 6907 9054 8827 5875 239 8767 2898 6529 9809 1523 3989 280 4854 9632 4937 5995 6762 5709 3123 6474 7912 3490 150 1592 2089 8967
27 6255 4224 8007 2568 8502 5386 7180 2206 8285 35 5262 7666 6848 1453 618 7000 9209 5308 2537 1252 3174 1443 3251 9789 7922 6367 1146
5 2969 1387 4117 6122 9925
8 1345 4154 8682 5698 6451 8033 2151 2176
20 5043 1587 7148 3009 3722 4119 3108 8266 1081 2383 2782 5250 9246 2731 5464 6659 4365 663 1967 1319
8 7267 3785 4787 8534 6503 4628 728 9249
4 6512 9297 9190 7716
88 7870 5040 9508 3802 6888 4318 320 3316 402 3181 3952 4819 8693 2989 987 601 9790 1245 8591 9800 9881 9681 4087 8259 4209 3053 4035 3621 935 9779 9987 7894 3340 2121 7043 1047 2477 6128 4274 3534 8918 8020 9722 1402 2115 4396 1041 4246 9321 8150 9114 6898 5472 5603 9813 353 6764 7636 2 7769 8970 8617 6751 1667 3672 3685 2375 1518 4499 4636 5214 4352 7813 7814 7820 7825 7826 7833 7834 7842 7851 7855 7878 7881 7899 7904 7906 7909
42 4924 4832 6574 199 8182 216 6833 6832 8063 947 5523 2272 1470 6165 8981 4990 6920 2332 409 4667 9052 1186 2599 4711 9270 8407 9859 6900 8212 2244 1004 4050 7140 6000 8298 580 8620 8300 2846 5486 5684 4411
20 916 7077 9611 4879 9694 5351 4944 7085 9264 2291 9988 8814 1248 6062 2241 2589 8951 2174 1902 7227
35 9160 9263 1177 9292 4426 3524 1030 3583 7513 282 6263 2515 1692 3879 2539 3765 5291 5957 6989 5829 8547 8193 4784 572 1834 3443 4699 1963 4806 2525 3461 2717 5941 865 873
5 161 7278 9033 1194 9763
100 1455 7847 3648 5689 1981 2626 541 9000 133 1355 1796 3754 6713 9100 5184 9950 5954 6771 7770 477 122 8324 5838 6261 6857 5243 7857 8820 9070 8094 2230 6597 457 1294 9376 3295 3451 5008 8830 4270 8988 9980 6745 1590 2092 8924 6325 588 7495 2896 785 7142 7695 8969 1317 2471 5196 6142 9036 9964 4073 3219 4831 9385 3909 6658 1071 9096 4076 5102 4453 5527 6408 4809 7256 8052 7866 2708 4638 2215 7815 7299 6774 1934 5081 2381 3916 5448 5997 7634 2229 3472 8899 3293 2918 5337 4810 5863 9285 3696
2 8188 1529
11 4344 6927 5748 6821 1524 5579 8990 9397 2395 6708 499
30 2000 9195 1871 2714 4045 1201 4279 5045 5240 8413 5188 9784 683 194 7967 8343 5730 8548 720 482 3495 8628 5393 8025 498 8993 6983 582 9405 7575
46 9482 4264 473 3799 6730 3052 6161 5305 396 8950 9023 4024 382 6197 4014 1852 9566 9205 1106 6425 9388 2729 2776 5514 2470 8785 2314 4256 1424 2805 7724 7312 6930 7650 4136 8326 365 2159 8421 9167 7829 9496 6548 7384 4248 3578
11 9328 1264 9213 3970 6982 7757 1716 2386 3625 1392 4520
7 8426 3222 5583 7812 6407 6703 9449
16 4663 2319 4744 3867 4266 8296 7237 7791 3699 2614 7830 2979 7663 8214 2835 1105
12 4125 6699 4758 9026 9152 5626 6873 1537 1639 9118 4566 5983
62 4384 2722 6268 1914 5021 5054 1733 272 8009 5679 6722 8510 5700 6181 5238 9804 3493 6345 458 7682 3691 4645 9785 3233 1031 3159 3487 5567 4957 6420 8560 1861 3278 6163 405 1598 7446 1681 3686 4058 9810 85 2330 4607 8932 4046 4291 2281 7999 8610 2710 7440 3907 293 8268 1872 3433 9228 9666 5120 744 8071
44 688 9795 5158 8590 5123 5495 2665 352 1496 886 1340 1783 7296 3083 9410 3117 4591 3338 1198 857 9179 9112 2513 7197 2021 4429 2942 5702 7579 2670 5976 2959 8597 2634 4366 3939 6563 680 2228 1281 8273 7143 5093 306
19 7394 7014 2039 4685 2164 8173 428 7236 4690 7762 7344 812 3565 6772 244 2248 3459 6858 3193
58 5451 2635 9651 3573 7707 9072 1804 6602 4394 9224 3016 7009 1297 9474 6605 1078 7365 5163 8843 7389 2649 9288 5366 5394 639 4970 8960 6601 3038 4297 230 4834 74 8237 8798 9424 5187 965 3476 970 9649 2899 1532 8539 4443 9554 9658 4884 1429 7321 2916 6716 6008 5584 9972 6366 5210 5371
42 1791 4105 6213 2857 8616 9082 7176 3292 8101 622 425 7217 7793 4776 7668 6059 7633 2754 5503 5658 3228 4698 8761 1199 4718 9278 9355 7282 3938 3173 3454 6910 6816 4406 1913 4029 9457 8189 2231 5849 9436 2412
22 7629 5690 8855 2179 4232 7860 1057 9886 3489 3537 1132 9734 1394 9194 6803 1051 867 4764 6908 4405 9300 3321
15 4159 3261 6290 2497 6020 370 1513 9150 6741 6398 3271 5915 3999 8143 1023
40 456 1460 933 2153 7807 8334 4686 209 4624 6085 326 7361 2771 8099 3307 7631 5541 6808 2247 8246 6413 2198 658 8835 9462 2958 4714 1551 9136 6025 2348 9930 1920 1037 9882 9395 7732 6674 2777 3647
10 112 9874 232 4658 4121 5704 5958 3865 8624 3358
93 104 137 1436 5367 9335 8903 5124 2702 4441 6558 1218 1955 5520 8530 1860 8745 6811 9361 5222 7286 5375 8546 3216 3139 2996 5340 3072 4314 4549 6009 4372 1741 4906 3049 6963 4947 9939 9103 1768 2498 8545 545 5792 252 7370 7662 3556 6414 4323 4204 4493 9837 6513 433 4093 9928 3905 1597 3262 8431 1746 3731 7383 8415 484 6337 838 5452 8954 9408 4036 5132 4439 215 1640 3397 6763 1457 5136 7924 11 9092 8049 6376 2447 7699 9110 1179 1989 2756 7856 8297 9186
113 9407 7867 2715 2284 7962 5844 4979 1266 2501 5779 5870 6567 4921 3992 173 8796 5317 6806 689 6565 1466 1907 4930 3961 4770 6756 2479 1504 997 3141 9298 9229 1647 1709 9043 4085 3007 2596 9469 3483 9510 6042 2924 8750 6643 2653 8283 8440 2128 8160 1896 9330 2468 1779 278 5692 6155 2613 8748 774 5391 3940 2190 6326 1045 596 250 8159 4423 8093 83 4777 1008 3574 6387 6897 3269 3657 9948 202 90 3910 2031 2762 5219 1870 9963 6102 7503 3 6462 7958 2431 5031 2323 2547 9225 1750 6331 1937 2119 3949 9570 7205 8450 4805 2831 2957 5981 8291 3130 3101 1208
17 8991 938 1275 5360 1357 2505 3946 742 3470 7933 636 643 9832 4623 1840 4561 9459
107 9917 1012 275 6734 7610 4345 5858 5537 6332 2116 4250 399 8688 7501 1314 7546 2016 1393 8917 4802 4857 5862 552 561 6030 979 8995 5565 4369 8103 4635 6882 7220 3474 3842 8492 5023 3667 2401 5559 7098 6925 4840 8583 5006 2745 5382 7417 8314 9799 2684 2062 285 1449 4801 3893 1879 5167 9636 1604 516 8821 8247 5674 7679 8550 8446 6970 7298 9442 3843 5050 7627 991 9392 6475 9556 3748 8470 4682 223 2921 786 9889 4258 5962 8873 1307 6442 4712 9101 408 5453 9333 1224 9012 3231 1747 6800 7562 4789 6378 2760 6669 4276 2913 3291
21 4942 9425 928 6164 8601 1509 1255 2017 5525 7081 8938 4044 5076 7392 732 2504 485 1050 385 1502 310
71 4617 7626 821 9985 1999 2892 7661 7274 8410 2213 7665 2246 5134 7570 2264 4491 249 1756 5092 2076 7587 9929 6283 9983 5701 967 8438 1217 2644 5632 3114 9111 2662 120 3593 4584 9652 1828 3416 6068 7418 7551 8361 7802 816 863 9816 1842 1396 2178 5835 8339 4060 4587 1471 8889 1235 4988 5101 1702 2042 1668 4992 2552 8813 9039 4595 5656 7543 7619 1143
48 694 6205 3645 9183 5032 8656 3550 3210 267 3924 2645 5622 2345 2682 612 6678 2084 2713 7987 3776 6251 8842 7849 6415 6743 6620 9130 2122 1827 5675 6298 4173 7210 6156 9175 1493 3135 699 7750 841 5323 5872 6375 6203 8926 9458 6738 4528
36 8603 2033 8933 9884 5715 1891 1629 3332 8896 7648 5708 4043 8817 3319 8564 2495 3221 9879 4219 2882 9709 6975 9132 1561 4388 5411 8691 871 3747 1042 4064 6272 5169 5959 3894 8306
20 1352 6245 290 6116 219 4852 9185 1672 2279 4221 6308 9821 7277 5906 512 9237 7474 1921 2602 7108
63 782 5929 6504 2414 1932 3266 7741 7508 4876 847 4828 8209 5582 877 4804 2299 27 481 4989 7414 9718 4007 521 9902 7397 2351 6862 4356 214 1767 883 7556 2874 4395 9089 8293 4326 2285 870 332 8029 1328 8228 3154 8161 9357 7737 3701 6179 6312 4878 4358 5027 7778 5522 1365 8121 8833 9441 8779 7353 996 8088
13 686 6061 510 887 1469 4289 7528 4739 5655 1098 5292 817 8719
21 3547 8763 9969 659 4163 3751 6223 4101 8284 2254 6932 9866 9419 9079 4830 2854 2955 2680 4217 6655 1381
28 5116 1965 6940 2374 8909 5083 3673 8437 4523 8127 5878 668 9420 760 8493 6033 4880 6064 318 2048 6777 1233 5904 6149 543 7322 3439 3230
6 7169 2632 7149 1338 8419 7284
42 9060 4985 397 81 8542 3121 2274 3704 9962 9548 7250 1033 9941 3299 8883 7534 1451 4359 5519 9327 5309 7403 7927 6552 1996 3360 1316 6054 1810 8650 442 6357 1168 5301 7735 8705 1163 6292 621 9234 1286 4644
13 4135 5827 5042 3498 487 7516 9630 10 2875 126 357 3263 9044
44 9498 1686 6824 6629 4452 2407 7726 260 6319 7231 6324 7588 2362 7504 9247 7879 4786 2861 537 5611 4092 7360 5880 8976 7194 52 8793 2236 2960 4137 1181 924 283 8181 8481 2311 9153 9801 256 2417 4038 7007 2025 5553
37 3494 3328 7272 6648 2694 9018 5479 8672 2765 963 7455 4734 22 5074 1889 1371 3919 874 5729 1145 9080 1169 7949 7276 305 6883 1695 9896 1539 5372 6001 8562 2633 1072 2557 9490 4011
68 7028 7285 9867 862 8439 1876 7622 6758 2360 6737 1715 7101 4335 6855 6974 2214 4858 5502 6863 6131 5534 9724 4798 2526 6162 8720 2142 800 6169 97 7683 4098 6609 8987 1325 9706 2461 8077 9102 5052 824 4675 808 4608 7091 2988 9299 6081 7259 3829 8018 657 7643 3873 2740 7351 1839 3395 3532 8316 7479 3997 7552 5552 4871 692 1203 7075
38 5864 8645 608 2558 7086 1711 6719 4497 279 9444 7738 5650 7179 8105 2398 7749 2451 4874 1409 1320 6471 7167 1154 4539 7656 43 3782 5041 3211 5094 7605 130 2780 2640 6608 2173 9547 7613
122 2590 412 3808 5307 8576 813 6747 6802 1717 5268 827 3930 2156 9188 6389 5724 7564 2688 6452 5352 8233 2109 3750 578 2580 9539 3796 1724 3538 8359 6813 7536 518 6996 8916 5005 8695 6593 1761 3967 4835 6540 152 3342 4512 151 1516 5619 4336 740 3232 930 6556 1501 5140 8135 2209 379 6859 3973 3602 5952 6262 851 6856 7021 9378 5614 4850 2205 7363 155 4847 889 3756 9894 8081 8357 3828 4892 6192 4870 8039 6446 9268 536 8177 1776 3714 3682 7598 524 3406 531 8599 3082 520 1886 8312 6089 1428 542 1612 2948 6380 1474 6953 34 7616 5481 4278 2093 4816 9027 9400 4521 586 9135 2901 969 4560 364
1 4070
96 8844 7790 8030 3354 7926 8928 678 4529 2732 6243 1945 2081 9233 2712 1941 3446 1591 3738 5080 8200 505 1790 907 4033 9944 5999 1508 4651 3757 114 4851 4164 3213 4478 3212 4397 5635 4613 3650 878 3570 9602 2051 7531 6829 2341 5824 2104 8516 8646 3912 5166 358 5734 1687 5211 5558 7971 7498 7273 946 3429 7177 2856 1498 8115 6755 9945 9447 7037 1310 7260 3163 4746 9682 3553 2160 3841 2971 6680 723 2041 2232 8992 67 5738 7072 698 5220 7573 1541 3888 3908 9828 7680 9019
13 319 4822 1857 9055 9322 8220 8498 5909 7510 3496 4343 5574 1376
12 2956 7333 1053 4920 7466 7761 5133 5908 6167 2977 701 9483
40 4440 7935 1237 8016 7730 9687 1947 514 3847 2768 3404 1459 4244 6370 7145 387 177 8687 4198 2368 676 8129 3432 5804 3391 5106 2413 1450 7848 6469 6560 733 8244 9208 5911 8254 6478 4477 4903 9418
36 5194 4655 5314 8471 8930 1578 4039 8432 154 9880 9143 4775 96 4370 5694 5963 7638 2584 7868 8772 7698 9870 1690 2045 2052 4889 7222 1603 3339 2587 3127 6006 8593 8403 7507 8111
9 3182 3401 3323 8937 3164 6277 4334 4629 5480
13 544 6336 6980 3027 4400 5016 2834 3116 801 2111 8250 5651 7779
7 2086 8335 2766 8428 3085 7960 1922
29 6043 5183 754 8258 6297 7635 9403 6707 2040 670 2944 178 8459 1531 7254 7420 8673 9050 106 1781 3818 7542 3933 9872 6581 5313 3368 1917 1067
77 6362 9348 3345 693 9853 6254 8348 2542 4899 5511 3813 3361 7907 2303 7746 8963 9839 5706 929 903 1856 2068 2803 8922 3575 8003 1182 217 7006 4634 6264 1650 5680 4710 3022 8034 118 9975 2611 9460 4001 546 5036 6385 4012 8360 8549 2085 9572 2476 9366 1918 7327 508 105 1707 8725 5154 3689 4902 634 2535 4100 2565 3968 9363 6712 1458 1423 4932 6904 4449 3467 4730 6681 7550 5091
62 9244 4890 7578 8465 8294 5180 8643 9236 3428 1688 2841 1770 2309 8289 2778 8749 2256 7998 4503 5852 4407 1714 6353 2668 7923 3137 4470 5765 9565 7549 9107 6727 4409 4123 2741 5343 6171 3659 3006 6692 5498 814 3913 904 2903 337 880 1538 3763 5181 7890 9704 1175 4694 8504 8531 4526 1499 8416 2154 8252 6515
22 5260 500 5802 4762 2359 1342 3045 567 5921 2018 1421 1657 3805 3061 9754 7248 6572 4727 7062 8660 9053 7453
68 8511 2810 6299 7294 9375 50 687 3331 515 5341 1671 4482 116 9093 2642 4385 7689 5810 1260 5532 8665 9416 1243 453 235 6704 8632 4569 894 4234 8027 8136 1196 5801 1684 2268 1985 7352 5733 989 3089 1727 9593 3963 6215 3437 5350 9506 4849 8170 4371 9728 3752 6776 9163 4954 2560 4263 4824 9665 2484 5103 9344 4603 6219 8074 2462 233
5 6497 1461 9578 5099 9346
57 1477 4415 286 2380 4748 696 125 1034 5297 4845 8807 3479 9435 3177 4964 9686 1119 2124 9456 8466 3438 5427 5107 3590 9835 6820 6036 7871 6459 2884 1679 909 62 4597 9337 2037 2817 8524 9899 1434 4107 7306 4096 6714 5483 972 7271 2804 1816 5310 8494 4933 8961 25 6235 1485 5441
40 1505 7921 37 3774 9991 5228 6778 5200 6284 6094 3599 7674 2306 9453 237 9924 2263 2102 1017 8584 7653 1417 5383 7425 2931 1032 8912 1885 4893 1596 3639 1988 3846 1075 695 9368 2859 7153 9367 8968
6 7461 6880 1368 6636 186 8192
4 6270 8852 7047 1135
49 9232 6682 3473 1979 9907 7887 9480 1742 4827 2984 339 3145 4106 6483 3191 2561 5610 3372 5984 3794 5231 467 4398 7125 4575 7130 1432 6705 2800 1853 9844 7331 8475 9575 2438 5639 591 7729 5038 2687 6488 8841 2239 2420 4800 4299 8231 9583 4006
1 6377
59 2997 4016 4362 1370 5261 8692 1610 5168 1388 2676 905 5403 6038 9571 3725 9062 490 7326 7796 6134 5303 2183 8811 4919 6382 3308 4565 2058 1151 4582 1525 8733 6234 72 2146 6938 7883 1651 5171 5992 1239 589 2428 9594 2808 6733 7187 1737 5807 9113 2852 6416 2416 2761 369 3521 8241 5221 3225
9 330 6129 5267 5255 2932 253 9320 6395 1785
22 1444 5007 7060 2065 9748 3979 884 3784 2891 6798 7067 9125 7339 4055 8819 2350 5336 9655 9386 5484 1039 2288
59 7292 1854 3736 3953 3247 5496 4155 7805 3508 3209 703 4026 1520 5851 7858 6083 4590 7195 4389 6383 9833 7137 2832 4527 3962 8408 9598 4625 7505 8544 7599 8627 2387 9822 8383 5097 6785 7782 6309 3511 9982 4089 3668 2364 9904 8108 8362 7411 2636 2796 5430 4915 8116 5278 8851 8906 7330 6486 872
5 4486 7651 9310 8721 6463
60 6554 2150 6709 8287 1789 4304 8164 5004 8742 9081 2769 7817 8390 6369 4571 7728 4037 9725 4084 9009 2434 7620 8958 9479 1775 8010 1850 3900 2950 7159 7875 3937 6957 9647 4238 5105 5642 1331 9242 7387 7711 5199 6232 2473 1519 819 8679 5114 9662 1787 3803 8697 6056 5660 3726 1069 468 309 8496 7684
86 9352 6929 346 9863 4342 9582 1416 5793 4306 8668 2506 2295 3374 2991 7018 3680 9073 4912 5528 4547 3649 3874 4253 8857 6282 2404 1977 3060 8853 9001 7940 9161 9083 1420 2567 584 551 7178 7897 771 356 6861 5271 2012 5088 5155 6103 8812 725 3353 2328 8125 9892 1535 4552 6532 4639 4535 931 1769 3881 8936 5482 2510 7727 7743 6047 5763 1463 6077 3948 2403 8366 7016 8399 7532 1298 917 9742 2483 227 3761 2744 2570 5145 5444
18 2343 2044 7797 1253 875 4004 8746 2466 3678 9471 4881 127 3365 4187 2646 5691 6320 3760
40 4472 94 7099 1265 8881 9825 9275 9621 7872 4053 2700 1382 4533 3764 5028 7491 7076 7745 335 1924 9524 8514 3152 1583 6726 7462 7547 1241 6561 6604 5079 9634 6915 8065 6838 1236 4211 8886 9951 1563
10 8011 6431 789 1188 7340 9315 6240 6429 1556 1844
23 767 1656 4619 9933 4351 1959 8245 2690 2075 1405 717 449 4386 9584 4853 9777 7939 9422 3187 569 3823 5315 4317
45 3215 9943 8318 5670 6887 5556 9730 3768 6868 809 8353 4461 5156 8469 5186 6854 647 6835 3918 5061 1448 5013 8649 6947 5421 9235 9085 1171 1162 895 1743 1464 4708 7521 2753 7893 3895 2546 2572 8067 7966 1571 4722 7113 5780
11 8513 2574 3118 6180 350 6578 5529 6344 765 7961 5562
19 7003 2607 6866 7747 8325 8208 9440 6071 7715 9445 1649 6346 1167 2406 6826 7945 6549 9353 4138
43 4144 1197 7775 5648 3161 5993 8621 7529 600 6886 359 803 7827 6091 2452 9426 6072 1666 6531 9919 1960 4322 7107 4740 6951 1946 6259 7443 334 2532 2826 3078 8004 6928 1130 8635 3810 6040 2472 9016 9678 9695 4838
26 288 882 9108 2365 8776 5590 71 4280 3852 6075 8388 1814 806 1554 5135 2674 9858 9592 4596 6660 9857 3815 5945 1807 5139 8605
15 7155 367 3506 3201 373 9856 80 3777 2923 2757 3582 1122 6557 684 3709
19 5951 8400 6100 8689 6801 7963 5966 6679 8418 4480 5638 7902 7308 9029 4960 1094 6906 7754 7122
48 1308 8051 9579 4505 4576 6178 5396 7046 6472 3309 7367 6683 4373 3058 5761 9672 261 7908 9758 2562 7324 1780 3499 2792 2524 3194 4152 121 7895 8248 4131 4550 3282 6646 1567 6184 8037 6511 1058 2014 7139 5379 8288 6267 6274 2459 9788 6190
20 6372 5374 8822 9491 3515 9240 4025 7421 7942 2489 9230 5919 5085 5641 8871 6174 2743 9534 5428 943
7 9098 7071 2004 9028 3155 2478 476
23 1916 9618 3079 8794 198 3806 4190 6937 9989 6926 848 4202 7925 9688 3363 5152 7523 9762 2716 5019 7063 2485 1399
28 7703 7798 3392 8977 2168 87 9261 2071 46 9900 8600 4773 384 7265 1765 6276 6628 4235 4313 3610 3592 3509 5943 9155 577 1063 620 1246
20 7449 162 4975 2340 2500 6225 4166 6590 1819 496 2095 8661 5129 815 5608 6454 135 7128 7910 7948
111 5329 517 6797 4262 6109 1125 5384 9946 2047 5725 4168 1117 3814 6313 5191 9356 5487 1184 6640 1029 7740 8026 941 2162 9855 6117 7777 8032 3037 5681 5100 8759 7033 890 6622 9553 2057 8752 9841 8068 8476 2945 6286 3258 7582 7511 5755 5925 509 5488 6790 7541 414 5843 8875 1229 4148 4574 4368 1068 1766 4110 4609 7200 3594 8056 5830 5039 6427 9381 38 7470 5330 9603 1124 8064 9995 3166 7030 4999 8983 4381 4621 4382 6972 6097 9372 2527 1566 345 4627 5795 2201 5914 8604 1954 3075 179 4201 7944 228 6449 4524 6506 3707 7094 1401 984 3955 9342 3202
1 6583
49 9492 5965 2066 4436 4616 3018 7082 276 2889 2137 7675 7275 7486 2440 5026 1631 5526 8568 1719 7838 4543 6275 6945 4391 6894 1389 5298 5447 7694 2446 2533 9324 7488 1675 1632 1533 4030 426 4454 5564 2705 8537 1108 6823 3982 2333 2222 1413 4420
42 4051 4466 6551 2266 7492 2302 1915 7055 113 8764 3674 5572 5420 2588 7500 4431 7664 99 2619 4514 7199 7291 4340 5739 63 6516 8533 9122 1904 4743 9727 5947 2549 7452 5338 9500 5722 6341 7439 919 2678 4027
127 7354 2994 167 5053 363 9245 5422 8536 8140 5165 3272 7279 558 2496 9295 3552 9047 9780 2801 5206 1749 6508 7106 7592 5217 8706 7819 6619 6082 3935 1832 6810 2699 9260 650 2435 7671 3598 6303 9607 8771 8911 2242 9588 3034 6949 1016 2379 6530 503 8474 4086 1806 5353 3297 5785 1975 3634 2388 3004 8914 434 4114 9142 153 745 6688 7447 7786 5153 3831 6812 2798 6328 1964 952 7774 1373 2317 9021 999 1606 7646 4294 9091 3178 9708 2860 4562 1943 9812 7262 1762 2849 2759 9302 6697 9535 1933 2199 7213 6034 6027 5151 1283 1112 793 3296 3306 6744 1411 6443 1940 331 386 3653 822 4534 9905 3150 9683 7583 2616 9051 8608 3091 2573
9 5321 5164 9848 6114 2621 7247 3195 340 8571
19 6363 3315 8307 2789 30 4618 413 9979 5450 8456 3352 42 6668 3320 4917 5066 77 2514 1027
18 6347 8579 9293 388 3577 5805 2063 5246 5747 6406 3183 9017 243 4179 798 6106 3996 3539
36 1836 1070 7658 8436 3706 8060 8655 145 6352 8525 3142 8577 7497 8472 4083 3759 8347 1753 3744 8045 4715 3056 9064 1099 891 8394 3822 5518 4519 8427 9713 5898 8031 3635 4487 4887
38 115 7852 6440 5259 2290 7919 9973 2739 6892 1818 1754 5283 213 9222 6754 4974 4647 4681 1670 3241 2325 6846 5905 9149 5475 4464 2186 3554 4290 8317 8315 6095 4169 6017 9006 777 3834 6238
2 8109 2177
8 3348 7240 17 8732 1782 1821 5932 2053
8 9949 5585 6510 3013 8050 33 123 174
6 7841 7755 1482 7124 3389 4736
64 429 8757 4413 564 3260 5258 6525 5823 5249 7652 14 4589 4856 5577 5104 404 3868 2043 7483 9223 8344 3300 1678 2392 5288 5509 8393 1899 53 2282 6720 7947 6343 8144 8242 4791 6962 9519 8743 308 7885 5216 9911 2630 158 7396 5236 7560 5822 2980 8709 9689 5640 6287 6728 8565 407 8754 3832 9908 7886 8805 9379 23
51 1673 8014 3003 614 866 9173 5732 9893 4738 940 6231 9094 9959 4508 1600 4283 6891 3379 5365 9518 8975 7734 2369 5786 3217 9428 9516 547 3568 4632 2336 2087 8355 7012 2721 9903 4572 3587 3399 5327 4102 6130 2088 7158 7780 9529 2911 6374 861 8145 2541
17 8944 988 2344 4934 5770 8381 5938 3960 8117 2863 8894 1617 1926 727 3011 8005 7990
28 7022 450 964 4380 8985 2582 3481 5 6428 7706 791 2378 4146 8256 9605 829 1358 5349 8904 9502 2517 3100 7607 9741 3906 539 7454 9252
19 2726 4950 1321 8223 5229 5986 640 5546 8491 28 981 8702 6183 8092 9470 604 9802 1231 8788
22 4254 8224 3102 8495 8639 1028 4182 5589 5357 7644 1759 5621 351 2672 3516 5385 4065 4559 4780 3800 6108 3614
24 6599 4312 4814 1468 9074 9455 1289 486 5277 555 287 8657 1334 5185 2189 3695 8836 2405 2575 4175 9318 6787 628 2758
2 6126 9954
19 1219 1669 5252 3660 2807 3144 912 3597 8867 9528 3661 5000 8678 2915 6146 4516 1548 3519 4469
179 7672 2400 7850 7225 2101 7538 9957 9040 6436 8570 9699 7280 3285 7853 4081 7970 2811 2518 4774 2003 6666 9340 3165 6386 8457 8500 7545 2503 7258 6157 9843 1391 6397 2367 9978 735 5290 3878 850 2001 6224 1802 5276 2534 5594 1957 5922 3628 3917 8935 2871 2391 1763 8205 5328 6495 6256 45 5871 6092 1440 2842 347 8741 915 2733 7328 6435 478 7905 7127 5197 6791 2655 5378 9218 6195 5759 3980 7785 9414 9984 8598 968 6841 6852 6421 3355 5251 8017 6055 8186 2978 2028 5062 2707 5940 191 8358 427 5075 8172 2970 9170 1582 7765 7835 581 844 1214 2925 3548 4707 1971 4176 4754 7369 7571 3062 1270 1893 8264 9772 2685 9587 3964 3460 8153 2396 4995 6204 6501 4765 1103 4444 5667 4928 8479 5917 1361 8828 985 9807 7854 4721 2877 4061 4946 1797 721 491 4551 8834 9798 5772 4579 9562 2054 8270 2262 8845 2995 597 1621 9715 2555 3385 2425 810 9041 2763 788 5740 5796 6236 4797 4669 3876 4329
2 574 7655
4 7659 2812 9692 2099
2 4997 8303
7 8810 2370 8729 1739 2422 6950 9377
7 8680 3896 7544 344 4581 4837 2346
7 5223 8354 7480 7132 4226 2161 3827
11 4668 2283 776 5468 3419 5128 9624 1049 440 2974 9740
17 8387 3071 7419 1059 7736 9231 5580 7269 2703 4612 4222 7027 2598 9105 5612 4408 2212
23 2749 189 2654 5521 1351 6140 5195 9861 1278 681 8240 7520 5643 6447 7377 4132 1811 5326 184 7473 5671 2723 9824
53 2050 5131 9994 6684 8846 5146 4082 528 8769 5800 9157 1073 2394 8696 8380 7378 4462 9585 9643 2553 1728 1618 8849 8356 2966 3226 7880 2067 9551 9755 4257 8829 9468 6543 602 4963 7932 2825 4009 5345 3683 7313 9877 2775 2647 4229 4860 9732 6528 9862 7096 1126 7061
9 3486 1183 5209 4032 9174 4183 7717 2149 4796
19 8858 6673 8096 2522 5980 5469 3882 8734 4468 6954 3074 9826 1025 5178 4684 2013 5284 4598 1061
36 8974 1793 9204 1362 5550 9540 349 2034 3720 6773 5389 6432 9197 238 6617 8041 7412 9212 7026 2833 5397 4943 6468 3567 5056 5568 9221 9280 2474 9998 7386 7336 1026 7317 9667 6591
10 5617 5015 8478 5126 6998 6564 1337 1021 6651 4868
7 5789 9660 1712 8281 8341 9415 2265
25 595 1303 3095 9659 7995 1096 3766 673 9653 3944 7930 4463 2569 460 4422 4465 9997 6653 5826 2195 1296 2844 6391 1291 4588
5 2965 9066 1116 317 5968
33 2331 4674 4498 5429 9873 2458 2767 5820 958 9258 860 7584 9124 5141 2779 4367 9248 3171 5281 8790 2125 4174 3175 3449 3700 333 540 3330 6105 8982 3452 3529 9868
7 5869 3995 5703 6860 6899 201 7015
89 8483 236 3242 4573 974 1166 6796 6986 9373 134 834 3864 4513 9148 9008 1490 7345 6166 6394 9542 258 8313 6788 3235 7388 7031 3676 6542 7892 6373 7618 5781 3186 4745 959 6037 101 3854 7056 1536 7514 3143 4633 6211 314 9697 9057 4161 3581 5239 2946 470 9181 8602 5833 804 4610 469 3151 8058 6588 9279 2339 281 4126 2193 3234 3600 8391 1991 6144 3303 3981 8589 5581 6281 6936 5736 1234 3357 9783 3977 6837 6594 9521 6175 3942 3677 3936
54 3131 4357 7423 2624 3290 2091 5096 3070 2460 6411 312 3227 4172 341 619 5115 9646 9434 7431 3551 2204 4434 8487 4548 7385 6979 4438 3561 8206 885 9767 2083 1877 8095 4763 1445 3343 294 1155 1397 1792 2727 2005 9169 3801 5767 4419 6627 2423 2237 6876 5355 5492 5975
20 2437 3376 5489 7400 7478 4447 40 8107 9966 8286 4952 6028 8986 111 2433 2194 6635 2191 6396 5226
1 5985
7 4272 9501 6781 9343 1268 2545 5969
5 5413 3268 642 8015 4646
13 1187 4456 5204 5320 9760 977 5242 1 1036 9189 7297 2870 3086
53 8460 4864 2643 6049 2985 4692 9147 2157 6845 3465 5737 6147 576 7806 1133 7050 9746 6948 6209 3109 5956 9177 8385 3957 9446 5762 8815 8142 1665 8580 4403 5319 2872 9063 1969 7697 8574 6535 7639 2943 5346 7788 7469 9095 7413 9 8780 9797 4660 736 2894 7821 180
15 7216 5754 8931 1517 3441 5893 2192 9609 5752 8756 9086 2701 787 7721 3088
53 5506 6301 4956 1588 3694 5344 5595 1812 4149 752 3243 1611 1279 5927 4927 5634 1292 3192 6306 7839 7305 2443 436 6318 8473 103 8781 1329 5928 743 7563 1585 2933 5897 2481 2962 264 8919 9162 110 6598 1847 4611 7859 1648 8442 1795 139 5768 6589 7023 6546 5982
9 4237 637 6118 9493 3423 2827 4567 6779 1555
48 4998 7596 1925 8929 7991 6696 3624 7801 9597 3563 7233 6973 5750 2024 2734 4688 1616 7981 5972 5247 7170 3983 255 5418 259 6941 362 1506 8634 1148 654 5177 5645 4287 5846 6577 8234 9437 185 7073 9427 3001 6015 7409 6496 9793 5073 8402
12 6217 6310 2895 5462 3106 1481 1077 1152 1442 6207 3604 5903
30 8320 7484 4859 5787 2127 8066 1180 7218 9358 7973 4976 9541 2046 8114 8183 7424 9590 9266 960 4460 5170 2027 6553 3742 4412 6070 712 6050 6107 7110
1 1817
4 534 1607 1144 1546
96 927 360 4230 2120 5316 570 9371 2719 1859 4162 4231 7144 3046 7896 1497 7165 3304 221 1544 1895 9961 8860 8997 324 7660 1786 8482 8809 4265 8765 9622 5741 9958 21 7332 3485 3015 3280 6334 5533 9883 2022 4620 5388 9596 3641 1572 7800 9423 6759 8676 3926 8998 8369 1044 8097 1826 4134 7669 5845 4375 4199 9936 466 8 4500 2637 8999 1824 1014 4458 7803 2631 5946 4896 8647 3681 197 1638 9269 291 9154 8946 3998 1476 2612 171 2218 3040 3390 7121 289 9486 2656 9814 5513
19 8452 3658 6732 8920 1287 9014 3019 8082 7748 5109 8130 3179 1484 625 5742 6881 1890 4991 7147
103 301 6088 6990 937 1820 2855 75 738 1703 4442 5570 4672 4427 3400 420 5839 6968 31 5813 3728 4151 9527 3240 6592 2011 4288 8249 4333 2692 4019 5910 5677 323 192 3769 7084 7845 4897 6052 3336 3844 9200 5022 9509 4361 5455 4459 2354 8151 6914 3670 1280 5924 4768 5419 1390 6460 8180 8455 1748 1581 6014 5207 9717 5949 8305 9494 609 9307 5604 7359 3405 3283 16 2035 1262 9656 2823 8735 4967 6611 4808 8404 4731 7095 5436 9010 3093 454 7752 1841 3318 2583 4418 6555 6489 6878 898 7822 3250 4541 7832 2660
22 4517 4052 416 6401 652 8592 6943 1683 5121 3248 1798 8197 6725 1953 755 4564 8076 5322 2131 4067 4097 8563
12 5215 9604 5560 855 6035 4518 9338 9007 5342 7530 1383 7362
2 2080 9251
5 3094 4522 4670 8619 1998
8 5203 1927 9076 7776 8165 1882 4015 7972
19 5058 9059 5490 6992 18 1074 5033 3718 9745 5401 5431 3214 5609 5392 8295 4769 6830 1435 1339
17 4188 8626 8859 2592 679 1983 4945 4010 1007 3031 5625 3162 6499 783 5912 2747 8553
2 4284 8422
8 3206 8515 858 5831 1486 8398 1419 368
17 1990 8522 1354 1398 6614 911 1312 3920 6664 9271 5834 6005 9301 3923 7642 8389 1159
5 8006 8396 1846 2725 6143
30 1906 9241 4785 4752 593 9438 8751 538 269 8141 205 7540 4904 2629 3434 6057 8724 3312 4862 1487 7517 8663 9383 149 9986 3943 1522 1467 7074 1018
33 1736 8110 9580 1259 3835 4180 2679 7518 9560 1696 1654 4676 1661 5657 5630 6691 1129 7029 8386 1274 129 6046 3327 4604 6687 6690 6693 6700 6702 6717 6721 6750 6753
37 6481 3932 4165 2689 6988 7818 2301 4737 9750 3002 5673 4457 9193 4240 6187 4000 9239 3715 8061 6760 594 4701 2456 5728 3448 7427 7087 1901 1936 613 5613 9840 1238 2728 8417 6847 9360
50 7719 4316 5989 7184 4905 6007 8567 5591 9384 705 1772 7781 5923 9664 4702 5257 2259 6661 2226 5515 8658 6145 6568 5623 5867 4680 9332 932 7244 5773 7604 2094 3853 4216 3180 5117 5302 7032 7034 8755 7959 8488 4 8966 2486 7641 7649 7673 7676 7678
1 6544
19 4075 389 4267 3627 5233 1400 9589 7337 3642 8322 4236 9214 2879 7974 9145 7131 6827 6249 3824
39 5936 9669 559 9953 2349 3447 2372 2286 5930 1161 4570 3520 6335 2277 8162 8168 3273 598 9942 4820 6086 1427 2864 4993 5797 7432 8561 6079 1011 7315 8405 1488 2342 68 2683 5095 6065 2347 4417
74 592 6214 778 6789 6317 9674 3252 5687 4626 5368 1295 8409 4448 6621 8340 1849 3609 6585 6731 447 6576 8043 366 5494 5458 5806 2475 9365 7772 2608 9808 5705 1903 2219 7151 188 7408 2064 2136 4982 3301 6176 6464 9895 9787 3023 1462 4844 4252 2258 1720 8090 1919 163 2059 5098 5057 4079 781 5318 3724 6844 3518 5832 9048 9773 1172 3244 9663 3716 7624 6194 3898 1000
3 6637 3198 773
56 1395 6423 9257 3415 6482 1586 6958 6867 451 651 7079 9369 2469 7068 6769 7591 1205 3892 9308 7888 4504 8218 9431 3113 4261 9210 4402 3703 4753 2698 3734 8714 1379 7136 6151 4118 3039 8451 8701 371 9389 2987 4728 6266 5142 2144 3705 6154 2049 9531 9119 710 9786 6465 2886 5979
53 9413 9644 6210 8707 944 7863 411 3305 4977 5122 756 2182 36 3488 3687 1974 4295 298 329 257 5644 9056 274 2976 4364 7295 4303 9818 140 5325 9615 5373 5683 2929 7978 3690 2752 4994 9115 7221 7955 9331 5774 3256 1623 879 3684 5470 1141 983 2267 7426 5886
25 8863 3719 9220 8888 7300 3387 8623 3344 525 6895 7436 5119 132 8880 2593 401 6358 6522 8255 9217 441 4212 3407 4606 4941
11 3383 1706 5148 1380 7718 3098 9032 5637 4971 2550 7621
3 327 246 9287
4 5942 9616 7051 2887
34 3535 9323 2454 5814 6959 1909 3652 1751 7416 631 8084 7126 8526 5118 8461 6819 4506 1514 796 9775 1764 3591 4479 7303 7869 3356 9827 1333 2821 3890 78 7722 7526 1973
20 2197 7831 648 1894 6233 2730 4510 7052 4275 5024 4911 2097 6177 5812 7402 1418 3872 5162 1614 4949
37 5051 1928 2310 2069 6257 1127 675 7310 7670 5974 3298 3408 3497 3010 1290 4451 4751 7485 1483 8683 5935 8581 471 5876 7083 430 4553 9253 4390 2595 2113 4771 1147 9676 7744 1118 8824
27 8517 3505 4069 1643 3787 1952 9955 2158 2847 9591 8132 3702 472 2389 6509 5685 7382 4251 6500 9168 522 1851 571 8552 6315 3255 2866
50 8336 4697 5735 136 7828 3059 6911 6045 5253 8372 2490 5900 2133 8538 4813 13 2371 1318 5505 1698 3254 6016 9937 8541 2155 8282 9898 5002 1019 8126 1128 1641 8891 3671 6384 4926 1085 1347 5676 8710 4925 7161 2289 5778 5918 7725 8839 1570 2594 6834
2 2449 8047
1 7760
18 8527 7977 4916 8554 7946 51 6748 1454 1822 8392 395 8508 6158 3804 6230 9791 4578 2430
44 5339 2249 7268 7720 4215 8352 1760 8202 2638 1216 1526 5147 5280 8397 5720 5889 6388 3959 1164 7577 5664 8087 8327 1092 6545 488 3335 2795 8424 7054 8083 6354 2294 6701 605 3595 9764 1158 1366 1195 5363 9552 5811 7025
2 262 2736
33 9700 8166 6978 9129 5463 7533 4160 6715 3911 5666 424 5011 2010 3455 9432 9635 8299 2255 1576 4273 8221 56 1095 5587 6445 4320 1341 3126 6294 2819 7976 6229 9723
36 6295 9351 8927 2030 5157 3809 5607 1865 5978 9126 7597 6573 2666 2019 6453 304 9558 3929 6612 3837 1249 3576 2073 2623 5274 9451 4311 7089 6931 3265 5964 8704 504 4350 5474 4471
23 9517 4103 9977 6795 8613 5270 7238 7100 4401 2905 2227 8411 3287 653 662 6981 8641 8718 4337 759 4339 421 6090
17 2693 6351 7758 2308 7702 4210 1093 1056 6685 6955 8690 4631 6616 7152 82 5551 3861
124 8454 3359 9638 3026 8837 1701 9971 5508 6289 7481 7898 3994 8808 9201 3140 8467 4218 8606 8556 5696 953 1579 3956 7189 343 1624 26 6112 6999 4735 556 5633 1043 6490 2421 5364 7350 2922 2298 8137 9555 1938 5202 4723 3662 9781 393 1149 9756 9117 3369 6723 1210 5485 6782 5395 936 811 1788 4909 6271 265 8523 6479 4281 2858 5072 4484 7202 1156 9391 6676 8089 1091 7358 7404 1659 7824 1982 9782 5354 566 2196 3132 2785 3099 7257 9489 1225 59 9747 7261 1404 5138 1001 3115 3189 9940 3229 5819 5606 8862 7242 3558 5499 6933 8044 7954 7593 7410 2494 731 1139 2677 3302 9661 9577 2772 4898 7753 2139 6792 5068 6610
82 7044 8185 5776 9399 7138 5435 7767 3464 6991 3902 2251 3850 2493 437 2604 1987 296 6417 6595 2188 3417 1456 3522 7836 7979 7251 5543 2615 4324 4492 6458 579 4122 9131 8777 764 7723 5883 2280 3903 3080 4145 6624 1837 2175 4936 2103 7405 8507 5571 7844 2409 4554 1642 299 4978 3863 4678 4923 4057 2361 8468 3000 6448 1174 5894 4142 9970 8893 108 1663 3128 7302 7667 3346 4269 142 4783 5150 8941 831 1284
9 2032 6487 3431 2318 4425 5718 3507 4005 7773
18 3081 8677 5410 888 3322 1732 722 5461 1966 3380 8877 7112 5333 1360 4157 2321 8778 9359
12 7437 8069 0 7 12 20 49 58 70 73 86 89
21 6 44 54 60 79 107 124 131 143 144 148 160 165 170 176 181 182 195 204 207 218
7 220 224 226 229 231 234 240
29 242 247 406 418 431 443 446 452 455 495 526 532 535 548 557 562 573 587 590 603 611 616 623 626 630 632 635 638 641
25 251 263 270 295 302 307 316 321 322 325 336 361 383 390 391 392 398 410 432 438 464 465 479 480 492
21 644 664 667 669 685 690 702 706 707 729 737 746 747 748 749 750 757 758 762 763 766
11 770 784 790 792 794 795 797 805 807 818 820
2 828 835
14 836 840 845 859 868 869 899 900 901 906 910 913 914 923
12 925 926 939 948 954 955 962 966 971 973 976 978
25 980 994 995 998 1003 1006 1009 1015 1035 1038 1052 1055 1060 1064 1076 1080 1082 1083 1084 1086 1087 1088 1089 1107 1114
2 1020 1022
7 1115 1120 1131 1134 1136 1137 1140
6 1150 1153 1157 1173 1185 1190
27 1191 1202 1204 1207 1212 1213 1226 1230 1242 1244 1247 1254 1258 1261 1277 1285 1288 1293 1300 1301 1304 1306 1322 1327 1336 1343 1344
28 1350 1356 1359 1367 1374 1375 1377 1378 1385 1403 1408 1410 1425 1426 1437 1439 1446 1452 1472 1473 1478 1479 1495 1507 1510 1540 1542 1545
18 1547 1549 1552 1558 1559 1562 1569 1573 1574 1575 1577 1594 1599 1602 1615 1619 1622 1626
36 1633 1636 1645 1646 1652 1653 1658 1662 1677 1680 1682 1691 1694 1699 1704 1705 1708 1713 1718 1722 1726 1730 1731 1740 1744 1758 1801 1805 1808 1809 1813 1823 1825 1829 1848 1855
4 1858 1868 1878 1880
14 1881 1887 1892 1898 1905 1923 1929 1931 1935 1939 1948 1950 1951 1956
23 1958 1961 1962 1972 1976 2002 2007 2029 2038 2055 2070 2090 2096 2098 2100 2114 2117 2130 2145 2165 2172 2269 2448
46 2134 2138 2148 2152 2163 2169 2170 2185 2200 2202 2203 2208 2210 2211 2221 2223 2224 2225 2238 2243 2252 2253 2257 2271 2273 2276 2287 2300 2307 2312 2322 2326 2329 2334 2337 2353 2358 2363 2373 2376 2408 2410 2411 2427 2441 2445
18 2450 2457 2463 2487 2488 2502 2508 2509 2529 2530 2540 2544 2554 2563 2564 2579 2586 2591
6 2491 2492 2499 2516 2521 2528
7 2597 2606 2609 2610 2617 2618 2620
24 2625 2627 2628 2650 2658 2659 2664 2669 3492 3500 3503 3504 3514 3517 3523 3525 3526 3528 3533 3536 3543 3545 3559 3560
5 2671 2691 2697 2704 2709
44 2724 2746 2750 2755 2764 2770 2773 2786 2794 2806 2813 2814 2815 2816 2818 2820 2822 2824 2830 2836 2839 2840 2843 2845 2848 2851 2853 2862 2865 2868 2873 2876 2878 2880 2888 2890 2897 2902 2908 2909 2914 2926 2936 2939
2 2940 2951
39 2953 2961 2964 2968 2983 2993 2998 3012 3014 3020 3021 3028 3032 3033 3035 3041 3042 3043 3048 3063 3064 3069 3076 3084 3087 3097 3107 3110 3111 3120 3125 3134 3153 3158 3172 3184 3185 3204 3207
15 3218 3223 3224 3237 3238 3246 3259 3264 3274 3275 3277 3279 3284 3286 3288
6 3289 3310 3313 3324 3337 3341
4 3347 3349 3350 3367
15 3378 3386 3388 3402 3412 3413 3422 3427 3440 3456 3458 3478 3480 3484 3491
19 3562 3569 3571 3586 3588 3589 3611 3612 3613 3617 3618 3619 3620 3626 3630 3631 3633 3637 3638
39 3643 3644 3656 3664 3665 3679 3688 3698 3711 3712 3713 3723 3727 3730 3733 3737 3741 3745 3749 3755 3762 3771 3780 3781 3791 3792 3797 3812 3819 3820 3825 3836 3838 3848 3856 3857 3858 3860 3870
74 3871 3880 3883 3884 3886 3887 3889 3897 3899 3914 3922 3927 3928 3931 3934 3941 3945 3950 3954 3965 3969 3971 3975 3978 3984 3985 3987 4013 4018 4022 4023 4040 4041 4042 4047 4049 4054 4077 4091 4095 4108 4116 4120 4124 4127 4129 4133 4140 4156 4158 4177 4178 4181 4185 4186 4189 4191 4192 4193 4197 4203 4220 4239 4241 4242 4243 4268 4271 4277 4286 4292 4296 4298 4301
6 4305 4308 4310 4315 4319 4321
1 4325
21 4332 4338 4341 4348 4354 4363 4374 4378 4383 4392 4393 4399 4416 4424 4432 4445 4446 4473 4474 4476 4483
12 4488 4490 4501 4509 4530 4531 4538 4540 4542 4545 4556 4557
37 4563 4568 4577 4580 4592 4599 4600 4614 4622 4640 4641 4649 4650 4662 4671 4683 4691 4695 4700 4716 4719 4725 4726 4729 4732 4741 4747 4750 4755 4757 4759 4760 4766 4778 4779 4790 4793
7 4795 4799 4803 4811 4812 4817 4818
37 4823 4841 4846 4861 4865 4883 4886 4891 4900 4901 4908 4918 4922 4929 4931 4951 4955 4961 4962 4968 4972 4983 4987 4996 5003 5010 5020 5029 5030 5035 5037 5044 5046 5047 5048 5055 5059
3 5063 5065 5067
1 5071
26 5077 5078 5084 5108 5110 5111 5125 5127 5130 5144 5149 5159 5173 5174 5175 5176 5179 5190 5198 5224 5225 5230 5232 5244 5248 5254
46 5264 5265 5266 5269 5272 5273 5275 5286 5293 5294 5296 5311 5312 5331 5334 5348 5361 5362 5370 5376 5390 5398 5399 5404 5407 5408 5412 5414 5415 5416 5423 5432 5434 5438 5439 5443 5446 5449 5454 5456 5459 5460 5467 5471 5476 5478
17 5493 5501 5504 5512 5524 5531 5536 5538 5542 5544 5545 5547 5549 5555 5561 5563 5573
2 5575 5578
77 5586 5588 5592 5596 5597 5599 5616 5618 5629 5631 5646 5647 5652 5653 5659 5661 5665 5669 5672 5682 5688 5697 5707 5714 5723 5726 5731 5745 5749 5753 5758 5760 5775 5784 5788 5790 5791 5798 5817 5821 5825 5828 5836 5840 5841 5842 5848 5850 5854 5855 5857 5859 5865 5873 5874 5877 5884 5891 5895 5896 5916 5926 5931 5937 5939 5944 5950 5953 5960 5961 5973 5977 5987 5988 6010 6011 6018
78 6019 6022 6032 6051 6060 6063 6073 6074 6080 6084 6087 6093 6096 6099 6104 6111 6113 6124 6127 6136 6148 6152 6153 6170 6185 6191 6193 6212 6221 6226 6227 6241 6242 6246 6250 6258 6260 6273 6278 6285 6288 6291 6300 6302 6311 6314 6322 6323 6330 6339 6342 6348 6349 6350 6355 6364 6365 6368 6371 6390 6400 6405 6419 6433 6434 6439 6441 6444 6461 6467 6470 6477 6492 6494 6505 6507 6514 6517
5 6518 6520 6521 6524 6527
20 6533 6534 6539 6559 6569 6586 6600 6603 6606 6613 6623 6626 6631 6632 6644 6650 6665 6667 6675 6686
21 6761 6766 6768 6770 6775 6817 6828 6840 6853 6869 6870 6872 6889 6890 6917 6918 6919 6934 6935 6944 6960
46 6964 6976 6993 6994 6995 6997 7001 7002 7008 7011 7017 7024 7035 7036 7038 7039 7042 7049 7053 7057 7058 7059 7069 7093 7105 7111 7115 7123 7133 7146 7154 7157 7160 7163 7166 7168 7173 7175 7181 7182 7183 7185 7192 7201 7204 7206
29 7214 7215 7219 7223 7228 7235 7239 7241 7252 7264 7281 7283 7288 7289 7290 7304 7307 7311 7335 7338 7343 7348 7349 7356 7368 7371 7374 7375 7376
5 7390 7391 7393 7395 7433
3 7441 7450 7458
6 7459 7460 7467 7472 7476 7482
6 7487 7489 7496 7509 7519 7522
9 7524 7527 7537 7539 7559 7565 7566 7568 7581
13 7586 7589 7590 7600 7601 7603 7606 7611 7615 7617 7623 7625 7632
21 7681 7688 7696 7700 7705 7708 7713 7714 7731 7733 7739 7742 7751 7756 7766 7771 7783 7784 7789 7795 7809
20 7917 7918 7937 7938 7943 7950 7951 7953 7964 7968 7969 7980 7983 7985 7986 7989 7992 7996 7997 8000
47 8001 8002 8008 8012 8013 8019 8022 8036 8046 8048 8053 8054 8057 8078 8080 8113 8120 8122 8123 8124 8131 8138 8139 8147 8152 8154 8156 8163 8169 8171 8174 8178 8195 8196 8199 8201 8210 8211 8215 8216 8217 8222 8226 8230 8235 8238 8253
24 8070 8091 8098 8100 8106 8119 8232 8251 8260 8265 8267 8269 8275 8276 8278 8279 8280 8301 8304 8308 8311 8319 8321 8330
42 8331 8332 8333 8337 8345 8349 8350 8363 8364 8365 8371 8374 8375 8377 8384 8414 8423 8429 8430 8433 8441 8443 8453 8463 8480 8490 8497 8499 8501 8503 8519 8528 8532 8535 8540 8543 8558 8569 8572 8582 8594 8596
24 8607 8611 8612 8618 8622 8625 8633 8636 8638 8648 8654 8666 8669 8674 8684 8685 8700 8712 8716 8717 8722 8723 8726 8727
1 8730
50 8738 8740 8744 8753 8762 8770 8775 8789 8797 8802 8818 8825 8838 8847 8850 8861 8865 8866 8870 8874 8879 8884 8885 8887 8895 8897 8898 8900 8905 8907 8908 8910 8913 8921 8923 8925 8934 8939 8942 8943 8947 8948 8949 8957 8959 8964 8971 8972 8980 8994
7 9004 9005 9013 9024 9025 9034 9049
64 9058 9061 9067 9069 9088 9097 9099 9120 9123 9146 9172 9176 9178 9184 9196 9198 9203 9206 9211 9215 9227 9243 9250 9259 9277 9281 9290 9294 9296 9304 9309 9311 9312 9317 9326 9329 9334 9336 9339 9350 9354 9374 9380 9387 9390 9396 9398 9404 9417 9430 9439 9443 9448 9454 9461 9465 9467 9472 9476 9484 9488 9499 9507 9515
1 9520
3 9522 9525 9530
24 9532 9533 9536 9545 9567 9568 9569 9573 9599 9600 9601 9606 9608 9614 9637 9639 9642 9648 9650 9668 9673 9677 9690 9693
21 9703 9711 9714 9716 9719 9721 9726 9736 9739 9749 9753 9759 9765 9766 9770 9771 9776 9792 9794 9796 9803
18 9811 9829 9831 9834 9849 9850 9854 9860 9865 9875 9876 9878 9885 9887 9891 9906 9909 9910
1 9914
10 9915 9916 9918 9921 9922 9931 9932 9938 9956 9960
4 9967 9990 9993 9999
0 
0 
0 
0 
0 
0 
0 
0 
0 
0 
0 
0 
0 
0 
0 
0 
0 
0 
0 
0 
0 
0 
0 
0 
0 
0 
0 
0 
0 
0 
0 
0 
0 
0 
0 
0 
0 
0 
0 
0 
0 
0 
0 
0 
0 
0 
