25 1900 169 4410 3530 8739 2250 122 9194 9556 6319 2341 7453 7728 2708 6516 3011 528 1133 8735 3898 5463 361 2836 5230 7676
25 7005 1984 4959 1725 3475 5794 8324 6803 3748 7231 5824 8511 4037 4638 8533 8005 8769 7050 4967 1000 7533 383 2839 5232 7678
25 837 3855 1311 5711 9729 897 5838 1051 8470 6324 2104 2810 9725 2215 9122 7990 5800 9746 6611 8561 4160 390 2840 5244 7681
25 48 6361 95 5213 1738 5457 6261 867 4682 7588 8516 6299 4084 7815 1904 7022 9157 6948 4808 6079 6715 391 2843 5248 7688
25 2009 7319 5218 7434 5743 3986 6857 4764 223 2362 8646 7294 9009 7299 4743 450 1073 6209 8404 1011 3911 392 2845 5254 7696
25 3156 6307 3409 8782 6815 6642 5243 6908 2921 7504 3912 9375 2434 6774 9727 964 2394 3109 4731 7315 5666 398 2848 5264 7700
25 303 6804 3239 9617 8072 3377 7857 4405 786 9247 5166 50 7620 1934 5947 4380 8696 5956 7095 8405 424 406 2851 5265 7705
25 4839 5716 853 5359 5620 5569 8820 9300 9889 7879 358 687 8958 5081 2549 8985 8380 9177 5436 1488 5011 410 2853 5266 7708
25 4094 1054 9503 9751 9219 6961 9070 3321 4258 4786 5734 3331 9479 2381 7452 2582 7378 8385 9010 2342 2010 418 2862 5269 7713
25 5497 6438 6399 1997 98 8715 8094 4159 5962 2861 1687 515 1775 3916 5338 3481 4462 3957 3093 68 3455 431 2865 5272 7714
25 1335 6003 4724 8376 4404 6939 2230 3261 8873 537 5211 5341 8010 5448 9500 5 9585 9446 454 2683 9432 432 2868 5273 7731
25 445 7768 100 665 9276 4150 6597 6290 1307 5611 5558 1671 1850 5997 5722 6428 9643 5762 7752 5095 9635 438 2873 5275 7733
25 3580 5654 3270 2930 5064 7080 457 2497 6442 4092 7971 4482 3900 7634 6341 7706 2553 8815 1841 6065 8299 443 2876 5286 7739
25 8703 3739 5868 7595 2234 2424 1294 6020 4712 7360 7498 116 2950 2229 7439 791 1728 8142 3318 2347 2255 446 2878 5293 7742
25 1138 311 9819 7103 6657 3424 9376 370 9101 5880 7273 9093 7159 3472 919 2378 1618 1665 2583 4417 1576 452 2880 5294 7751
25 4059 4346 8243 560 3666 8551 3295 1513 408 8976 946 2642 7875 8899 2678 4146 8849 8580 4418 6637 4273 455 2888 5296 7756
25 5137 2838 1620 8021 5847 3729 3451 9150 5453 7194 3429 4385 3937 3293 4027 8256 8356 4403 6555 3198 8221 464 2890 5311 7766
25 1992 2316 7041 8187 5400 6480 5008 6741 9333 52 7177 7689 6957 2918 7354 9605 2966 5319 6489 773 56 465 2897 5312 7771
25 4377 9137 942 342 9576 4099 8830 6398 1224 8793 2856 5810 9647 5337 2994 829 3226 2872 6878 1395 1095 479 2902 5331 7783
25 2949 3692 102 2641 3160 4213 4270 3271 9012 2236 1498 1260 4238 4810 167 1358 7880 9063 898 6423 5587 480 2908 5334 7784
25 606 3830 2695 493 5777 864 8988 5915 3231 2960 8115 5532 5105 5863 5053 5349 2067 1969 7822 9257 6445 492 2909 5348 7789
25 3444 3840 3468 9623 6909 9923 9980 3999 1747 4137 6755 8665 5642 9285 363 8904 9551 7697 3250 3415 4320 495 2914 5361 7795
25 7318 3758 1346 9737 4877 1330 6745 8143 6800 1181 9945 9416 1331 3696 9245 9502 9755 8574 4541 6482 1341 526 2926 5362 7809
25 7429 24 3057 7787 7764 5971 8188 1023 7562 924 9447 1243 9242 7155 5422 2517 4257 6535 7832 1586 3126 532 2936 5370 7813
25 8292 8310 1843 2140 3866 724 1529 183 4789 283 7037 453 7387 367 8536 3100 8829 7639 2660 6958 6294 535 2939 5376 7814
25 7936 563 8213 6012 494 9283 4344 2129 6378 8181 1310 235 7711 3506 8140 7607 9468 2943 4517 6867 2819 548 2940 5390 7820
25 4435 6004 8962 6677 2523 4965 6927 5548 2760 8481 7260 6704 5199 3201 5165 9741 6543 5346 4052 451 7976 557 2951 5398 7825
25 8630 2566 1630 7255 9645 2077 5748 5600 6669 2311 3163 8632 6232 373 3272 3906 602 7788 416 651 6229 562 2953 5399 7826
25 9084 2060 5686 9156 3901 3436 6821 6066 4276 9153 4746 4569 2473 9856 7279 539 4963 7469 6401 7079 9723 573 2961 5404 7833
25 8518 3245 6188 146 5070 4782 1524 2938 2913 9801 9682 894 1519 80 558 7454 7932 9095 652 9369 6295 587 2964 5407 7834
25 5018 6849 422 2797 697 881 5579 3124 3291 256 3553 4234 819 3777 2496 9252 2825 7413 8592 2469 9351 590 2968 5408 7842
25 9888 9869 1784 5712 9513 8038 8990 7164 4617 2417 2160 8027 8679 2923 9295 2726 4009 9 6943 7068 8927 603 2983 5412 7851
25 6807 6048 8979 9262 5433 9710 9397 9774 7626 4038 3841 8136 5114 2757 3552 4950 5345 8780 1683 6769 2030 611 2993 5414 7855
25 9913 5887 4525 4717 6360 7078 2395 682 821 7007 2971 1196 9662 3582 9047 1321 3683 9797 5121 7591 5157 616 2998 5415 7878
25 9256 3540 9685 9679 4331 575 6708 716 9985 2025 6680 5801 1787 1122 9780 8223 7313 4660 3248 1205 3809 623 3012 5416 7881
25 5299 8489 3036 6746 7900 2718 499 6923 1999 5553 723 1684 3803 6557 2801 5229 9877 736 1798 3892 5607 626 3014 5423 7899
25 1815 2357 1511 9109 3430 7334 2000 8148 2892 3494 2041 2268 8697 684 5206 5986 2775 2894 8197 9308 1865 630 3020 5432 7904
25 9675 1090 1227 934 4072 6566 9195 5593 7661 3328 2232 1985 6056 3709 1749 640 2647 7821 6725 7888 5978 632 3021 5434 7906
25 7952 6922 8786 3807 6013 6138 1871 5913 7274 7272 8992 7352 5660 5951 6508 5546 4229 180 1953 4504 9126 635 3028 5438 7909
25 2576 3564 2275 8956 3370 1655 2714 8659 8410 6648 67 5733 3726 8400 7106 8491 4860 7216 755 8218 7597 638 3032 5439 7917
25 2296 5335 9090 9165 3362 6625 4045 4489 2213 2694 5738 989 1069 6100 7592 28 9732 5754 4564 9431 6573 641 3033 5443 7918
25 1209 1869 553 1589 7984 949 1201 6977 7665 7028 7072 3089 468 8689 5217 981 6528 8931 8076 3113 2666 644 3035 5446 7937
25 1664 6220 5087 5902 4532 6896 4279 3450 2246 7285 698 1727 309 6801 8706 8702 9862 1517 5322 4261 2019 664 3041 5449 7938
25 3457 5089 1777 3790 8876 645 5045 7502 5134 9867 5220 9593 8496 7963 7819 6183 7096 3441 2131 9210 6453 667 3042 5454 7943
25 1993 568 3420 9595 4285 4720 5240 6422 7570 862 7573 3963 7684 5966 6619 8092 1126 5893 4067 4402 304 669 3043 5456 7950
25 190 8104 6903 5426 1251 1534 8413 1628 2264 9018 1541 6215 9352 6679 6082 9470 7061 2192 4097 3703 9558 685 3048 5459 7951
25 8271 6338 439 5539 5491 1324 5188 7407 4491 5864 3888 3437 6929 8418 3935 604 3486 9609 8563 4753 3929 690 3063 5460 7953
25 6783 8675 6924 9182 2393 4825 9784 9159 249 8645 3908 5350 346 4480 1832 9802 1183 5752 5215 2698 6612 702 3064 5467 7964
25 6135 8586 1605 5881 1930 2799 683 826 1756 608 9828 9506 9863 5638 6810 1231 5209 8756 9604 3734 3837 706 3069 5471 7968
25 9020 3188 3373 348 2079 6850 194 3811 5092 8439 7680 4849 4342 7902 2699 8788 4032 9086 5560 8714 1249 707 3076 5476 7969
25 268 9411 629 2260 8973 7064 7967 9512 2076 2558 9019 8170 9582 7308 9260 4254 9174 2701 855 1379 3576 729 3084 5478 7980
25 7293 4502 617 9731 4068 7287 8343 7630 7587 1876 319 4371 1416 9029 650 8224 4183 787 6035 7136 2073 737 3087 5493 7983
25 5113 1512 1475 8940 8854 9671 5730 624 9929 7622 4822 9728 5793 4960 2435 3102 7717 7721 4518 6151 2623 746 3097 5501 7985
25 6115 1267 6222 4756 6218 674 8548 1431 6283 7086 1857 3752 4306 1094 7671 8495 2149 3088 9338 4118 5274 747 3107 5504 7986
25 1528 5615 6639 2297 8486 6437 720 8760 9983 1711 9055 6776 8668 6906 3598 8639 4796 5506 9007 3039 9451 748 3110 5512 7989
25 5192 6607 992 8521 9238 3396 482 9075 5701 6758 9322 9163 2506 7754 6303 1028 8858 6301 5342 8451 4311 749 3111 5524 7992
25 920 8112 3066 6842 8816 3512 3495 3717 967 6719 8220 4954 2295 7122 9607 4182 6673 4956 7530 8701 7089 750 3120 5531 7996
25 2920 1530 9255 4781 9838 9657 8628 6874 8438 2360 8498 2560 3374 1308 5321 5589 8096 1588 1383 371 6931 757 3125 5536 7997
25 84 9549 718 6647 3606 2397 5393 9629 1217 6737 5909 4263 2991 8051 8771 5357 2522 3694 7362 9389 3265 758 3134 5538 8000
25 1492 5751 4208 6749 4002 4496 8025 9927 2644 5479 7510 4824 7018 9579 8911 7644 5980 5344 2080 2987 5964 762 3153 5542 8001
25 4379 4842 7864 8346 1412 1024 498 456 5632 4497 3496 9665 3680 4505 5164 1759 5469 5595 9251 4728 8704 763 3158 5544 8002
25 7640 8059 2992 8585 9912 3317 8993 1460 3114 279 4343 2484 9073 4576 2242 5621 3882 1812 3094 6266 504 766 3172 5545 8008
25 677 854 2385 6579 6814 8184 6983 933 9111 9444 5574 5103 4912 6178 9588 351 8734 4149 4522 5142 4350 770 3184 5547 8012
25 7399 7190 6784 9845 354 7341 582 2153 2662 8672 1376 9344 5528 5396 3034 2672 4468 752 4670 2144 5474 784 3185 5549 8013
25 2432 9707 8686 8902 5201 448 9405 7807 120 7738 2956 4603 4547 7046 6949 3516 6954 3243 8619 3705 4471 790 3204 5555 8019
25 7270 7186 3622 9702 1734 4939 7575 8334 3593 2765 7333 6219 3649 6472 1016 5385 3074 1611 1998 9413 9517 792 3207 5561 8022
25 5445 9559 4109 6630 6247 4940 9482 4686 4584 5650 1053 8074 3874 3309 9848 4065 9826 1279 5203 9644 4103 794 3218 5563 8036
25 3743 9864 7877 1697 7874 3845 4264 209 9652 1715 4920 2462 4253 7367 6114 4559 1025 5927 1927 6210 9977 795 3223 5573 8046
25 9698 3693 7837 713 1634 2429 473 4624 1828 7101 7466 233 8857 6683 2621 4780 5178 4927 9076 8707 6795 797 3224 5575 8048
25 3527 3208 3414 5263 3640 3947 3799 6085 3416 7179 7761 6497 6282 4373 2379 3800 4684 5634 7776 944 8613 805 3237 5578 8053
25 1305 1866 5554 9002 6670 5172 6730 326 6068 4335 5133 1461 2404 3058 6530 6108 2013 1292 8165 7863 5270 807 3238 5586 8054
25 7320 1269 2245 9370 3463 1353 3052 7361 7418 6855 5908 9578 1977 5761 503 3614 5284 3192 1882 411 2693 818 3246 5588 8057
25 1978 3817 5678 4206 708 8800 6161 2771 7551 8105 6167 5099 3060 9672 8474 6599 4598 6306 4015 3305 6351 820 3259 5592 8070
25 6654 4171 5746 7232 6201 1700 5305 8099 8361 963 2977 9346 8853 261 4086 4312 1061 7839 7972 4977 7238 828 3264 5596 8078
25 3988 4659 3675 8878 7712 6200 396 3307 7802 7455 701 1477 9001 7908 1806 4814 8974 7305 5058 5122 7100 835 3274 5597 8080
25 8329 5025 1010 4282 313 4821 8950 7631 816 2398 9483 4415 7940 9758 5353 1468 1793 2443 9059 756 4401 836 3275 5599 8091
25 769 41 3203 8848 4196 7066 9023 5541 863 4734 4440 286 9161 2562 3297 9074 9204 436 5490 2182 7758 840 3277 5616 8098
25 2106 5598 1257 7097 9038 529 4024 6808 9816 6974 7935 2380 9083 7324 5785 9455 1362 6318 6992 36 2308 845 3279 5618 8100
25 6456 3051 2305 2207 2167 2791 382 2247 1842 22 1237 4748 1420 1780 1975 1289 5550 8473 18 3488 2905 859 3284 5629 8106
25 6901 4233 7263 7117 843 7102 6197 8246 1396 5074 8016 696 2567 3499 3634 486 9540 103 1074 3687 2227 868 3286 5631 8113
25 1438 3976 7816 1755 7381 254 4014 6413 2178 7749 7730 125 584 2792 2388 5277 349 8781 5033 1974 8411 869 3288 5646 8119
25 7070 9626 4544 9341 4749 5540 1852 2198 5835 2451 9687 1034 551 2524 3004 555 2034 1329 3718 4295 3287 899 3289 5647 8120
25 3253 956 1494 4481 9180 8952 9566 658 8339 1889 1947 5297 7178 3194 8914 287 3720 5928 9745 298 653 900 3310 5652 8122
25 700 3786 4207 5369 4111 7065 9205 8835 4060 1371 514 4845 7897 4152 7247 8657 6773 743 5401 329 662 901 3313 5653 8123
25 3607 2651 372 4677 7654 7316 1106 9462 4587 3919 3847 8807 771 121 434 1334 5389 7563 5431 257 6981 906 3324 5659 8124
25 9393 4948 7709 8042 2415 5710 6425 2958 1471 874 2768 3479 356 7895 3195 5185 6432 1585 3214 5644 8641 910 3337 5661 8131
25 1178 211 1883 8434 8420 6078 9388 4714 8889 5729 3404 9435 6861 8248 4114 2189 9197 2933 5609 9056 8718 913 3341 5665 8138
25 945 3148 1215 9769 5112 3462 2729 1551 1235 1145 1459 3177 5271 4131 9142 3695 238 5897 5392 274 4337 914 3347 5669 8139
25 3471 2512 8737 4807 7882 4555 2776 9136 4988 9080 4244 4964 2012 4550 153 8836 6617 2481 8295 2976 759 923 3349 5672 8147
25 4885 3426 2006 3146 1062 3077 5514 6025 5101 4874 6370 9686 5088 3282 340 2405 8041 2962 4769 4364 4339 925 3350 5682 8152
25 1315 7116 3579 2107 4652 4515 2470 2348 1702 1409 7145 1119 5155 6646 8571 2575 7412 264 6830 7295 421 926 3367 5688 8154
25 8149 5719 6912 1884 1489 1048 8785 9930 2042 1169 387 2124 6103 1567 745 4175 9212 8919 1435 4303 6090 939 3378 5697 8156
25 1543 2520 5628 7457 607 3710 2314 1920 1668 2214 177 9456 8812 6184 6688 9318 7026 9162 1339 9818 7702 948 3386 5707 8163
25 5424 225 2904 1480 5662 5803 4256 1037 4992 7949 8687 8466 725 8037 7447 6787 2833 110 4188 140 4210 954 3388 5714 8169
25 7475 7243 3875 66 4495 9284 1424 9882 2552 4858 4198 3438 3353 6511 7786 628 5397 6598 8626 5325 1093 955 3402 5723 8171
25 6694 6718 2605 2352 6946 6196 2805 9395 8813 1320 2368 5427 2328 1058 5153 2758 4943 1847 8859 9615 1056 962 3412 5726 8174
25 1066 6851 7477 1729 7891 3862 7724 7732 694 7276 676 5107 8125 2014 3831 6126 6468 4611 2592 5373 6685 966 3413 5731 8178
25 4309 8085 462 3779 1721 5815 7312 6674 6205 6471 8129 3590 9892 7139 6812 9954 3567 7859 679 5683 6955 971 3422 5745 8195
25 4214 5324 172 2551 6125 8609 6930 2777 3645 305 3432 9835 1535 5379 2798 1219 5056 1648 1983 2929 8690 973 3427 5749 8196
25 3572 3891 4585 7224 3220 5009 7650 3647 9183 7167 5804 6820 4552 8288 6363 1669 5568 8442 4945 7978 4631 976 3440 5753 8199
25 6110 8989 1835 2184 6426 2444 4136 112 5032 1154 3391 6036 6532 6267 3315 5252 9221 1795 4010 3690 6616 978 3456 5758 8201
25 9216 4153 8653 2377 9478 9640 8326 9874 8656 6883 5106 7871 4639 6274 6328 3660 9280 139 1007 2752 7152 980 3458 5760 8210
25 6780 6786 3778 4485 9192 8263 365 232 3550 5502 2413 6459 4535 2459 1964 2807 2474 5768 3031 4994 82 994 3478 5775 8211
25 9544 3170 3167 2543 8984 6921 2159 4658 3210 1695 1450 2884 931 9788 8307 3144 9998 6589 5625 9115 5551 995 3480 5784 8215
25 6794 950 3557 5437 7920 6638 8421 4121 267 6863 7848 1679 1769 6190 2789 912 7386 7023 3162 7221 3861 998 3484 5788 8216
25 9523 3849 3105 4537 8505 9574 9167 5704 3924 6131 6469 909 3881 6372 30 3597 7336 6546 6499 7955 8454 1003 3491 5790 8217
25 3236 4507 3029 374 2556 2600 7829 5958 9039 5534 6560 62 8936 5374 4618 8867 1026 5982 783 9331 3359 1006 3492 5791 8222
25 8024 4661 8328 9364 15 3783 9496 3865 4595 4539 733 4597 5482 8822 413 9528 7317 4237 5912 5774 9638 1009 3500 5798 8226
25 9851 8792 6698 168 415 2439 6548 8624 2645 7656 8244 9337 2510 9491 9979 3661 9667 637 2747 3256 3026 1015 3503 5817 8230
25 157 57 3732 3334 3403 4008 7384 3358 5656 43 9208 2037 7727 3515 952 5000 6591 6118 8553 1623 8837 1020 3504 5821 8232
25 9852 2941 1968 6902 5933 5380 4248 104 7543 9724 5911 2817 7743 9240 5450 8678 5617 9493 4284 879 1701 1022 3514 5825 8235
25 5744 5406 6652 9151 8239 1121 3578 137 5622 4798 8254 8524 6047 4025 7774 2915 5015 3423 8422 3684 9971 1035 3517 5828 8238
25 7229 2559 9035 4642 982 6907 9763 1436 7619 3782 6478 9899 5763 7421 1373 6146 8478 4998 3206 5470 5508 1038 3523 5836 8251
25 222 7572 5602 1256 993 9054 9328 5367 1143 5041 4477 1434 1463 7942 2317 4516 5126 7596 8515 1141 6289 1052 3525 5840 8253
25 4894 8588 6836 2442 5014 8827 1264 9335 2345 2526 4903 4107 2343 2489 8456 1548 6998 1925 858 983 7481 1055 3526 5841 8260
25 4833 9325 3542 1369 1211 5875 9213 8903 2682 6162 9418 7306 6077 9230 3352 3519 6564 2827 5831 2267 7898 1060 3528 5842 8265
25 2356 3068 2681 7628 7763 239 3970 5124 612 8720 8415 4096 2044 5919 9021 4469 1337 4567 1486 7426 3994 1064 3533 5848 8267
25 8509 376 8040 846 2467 8767 6982 2702 6678 3211 484 6714 7797 5085 42 7672 1021 6779 8398 5886 8808 1076 3536 5850 8269
25 88 1170 3596 9738 2751 2898 7757 4441 2084 5094 6337 5483 1253 5641 999 2400 6651 1555 1419 8863 9201 1080 3543 5854 8275
25 9581 5601 9561 7191 9463 6529 1716 6558 2713 7605 838 972 3948 8871 1606 7850 4868 8929 368 3719 3140 1082 3545 5855 8276
25 3951 3398 2686 7448 8595 9809 2386 1218 7987 130 5452 7271 2403 6174 7646 7225 5789 7991 6881 9220 8467 1083 3559 5857 8278
25 8175 513 2418 9349 2972 1523 3625 1955 3776 2780 8954 2804 8366 2743 4294 2101 9660 6696 1890 8888 4218 1084 3560 5859 8279
25 530 7088 2072 9817 9015 3989 1392 5520 6251 2142 9408 1816 875 9534 9091 7538 1712 3624 4991 7300 8606 1086 3562 5865 8280
25 4184 7956 1101 4200 9836 280 4520 8530 8842 800 4036 5310 4004 5428 3178 9957 8281 7801 7147 3387 8556 1087 3569 5873 8301
25 8204 9806 9138 9628 7464 4854 8426 1860 7849 6169 5132 8494 7016 943 6668 9040 8341 9597 1990 8623 5696 1088 3571 5874 8304
25 2581 6502 9429 4302 5500 9632 3222 8745 6415 2640 4439 4933 8399 9098 3320 6436 9415 3563 8522 3344 953 1089 3586 5877 8308
25 2571 8128 1406 8444 3054 4937 5583 6811 6743 6608 215 8961 7532 7071 9708 8570 2265 7233 1354 525 1579 1107 3588 5884 8311
25 5890 8708 2675 164 5082 5995 7812 9361 6620 97 1640 25 8746 2004 2860 9699 595 6973 1398 6895 3956 1114 3589 5891 8319
25 3329 892 761 7156 8257 6762 6407 5222 9130 2173 3397 6235 2466 9028 4917 7280 1303 5750 6614 7436 7189 1115 3611 5895 8321
25 6952 7759 583 4656 9620 5709 6703 7286 2122 9547 6763 1485 3678 3155 5066 3285 3095 2024 8006 5119 343 1120 3612 5896 8330
25 2917 6327 4255 7840 2118 3123 9449 5375 1827 7613 1457 5441 1298 2478 77 7853 9659 2734 8396 132 1624 1131 3613 5916 8331
25 6150 7373 4467 9273 2074 6474 5941 8546 5675 7683 5136 1505 9471 476 2514 4081 7995 4688 1846 8880 26 1134 3617 5926 8332
25 6656 6403 5934 3721 5356 7912 865 3216 6298 4098 7924 7921 917 3767 1027 7970 1096 1616 2725 2593 6112 1136 3618 5931 8333
25 6457 378 4139 7234 2622 3490 873 3139 4173 6609 11 37 4881 2906 4562 2811 3766 7981 6143 401 6999 1137 3619 5937 8337
25 4679 4194 4895 2105 6662 150 4663 2996 7210 8987 9092 3774 9742 5624 1943 2518 673 5972 911 6358 4735 1140 3620 5939 8345
25 4414 8642 5866 1223 3793 1592 2319 5340 6156 1325 8049 9991 127 6671 9812 4774 9653 5247 1312 6522 556 1150 3626 5944 8349
25 6044 896 9477 138 2216 2089 4744 3072 9175 9706 6376 5228 2483 3096 7262 2003 3944 7170 3920 8255 5633 1153 3630 5950 8350
25 3333 1874 9011 5663 7876 8967 3867 4314 1493 2461 2447 6778 3365 3008 1762 6666 7930 3983 6664 9217 1043 1157 3631 5953 8363
25 585 2828 3190 1142 7325 6255 4266 4549 3135 8077 7699 5200 227 8651 2849 9340 4463 255 9271 441 6490 1173 3633 5960 8364
25 9935 4056 3133 5799 9272 4224 8296 6009 699 9102 9110 6284 4187 1608 2759 3165 2569 5418 5834 4212 2421 1185 3637 5961 8365
25 8578 7442 2181 8869 5279 8007 7237 4372 7750 5052 1179 6094 2646 3502 9302 6386 460 259 6005 3407 5364 1190 3638 5973 8371
25 8382 417 4475 1799 3044 2568 7791 1741 841 824 1989 3599 3761 7435 6697 8457 4422 6941 9301 4606 7350 1191 3643 5977 8374
25 1635 7692 266 2952 4689 8502 3699 4906 5323 4675 2756 7674 2744 7506 9535 8500 4465 362 3923 4941 2922 1202 3644 5987 8375
25 9401 2696 6809 739 7355 5386 2614 3049 5872 808 7856 2306 5691 1916 1933 7545 9997 1506 7642 3383 2298 1204 3656 5988 8377
25 9305 4028 9952 649 5161 7180 7830 6963 6375 4608 8297 9453 6320 9618 2199 2503 6653 8634 8389 1706 8137 1207 3664 6010 8384
25 7913 8158 2738 7574 4772 2206 2979 4947 6203 7091 9186 237 2570 3079 7213 7258 5826 1148 1159 5148 9555 1212 3665 6011 8414
25 6404 3112 6965 4546 2601 8285 7663 9939 8926 2988 5194 9924 5145 8794 6034 6157 2195 654 1906 1380 1938 1213 3679 6018 8423
25 9768 6160 9557 3050 4249 35 8214 9103 9458 9299 4655 2263 5444 198 6027 9843 1296 5177 9241 7718 5202 1226 3688 6019 8429
25 8978 3541 6098 3646 6641 5262 2835 1768 6738 6081 5314 2102 3760 3806 5151 1391 2844 5645 4785 3098 4723 1230 3698 6022 8430
25 1867 6024 6805 550 4705 7666 1105 2498 4528 7259 8471 1017 4472 4190 1283 6397 6391 4287 4752 9032 3662 1242 3711 6032 8433
25 4665 3605 6172 8023 2187 6848 4125 8545 8603 3829 8930 8584 94 6937 1112 2367 1291 5846 593 5637 9781 1244 3712 6051 8441
25 7928 2026 7174 741 5566 1453 6699 545 2033 8018 1578 7653 7099 9989 793 9978 4588 6577 9438 4971 393 1247 3713 6060 8443
25 297 4706 241 1192 8035 618 4758 5792 8933 657 4039 1417 1265 6926 3296 735 2965 8234 8751 2550 1149 1254 3723 6063 8453
25 3869 7710 7398 7120 9586 7000 9026 252 9884 7643 8432 5383 8881 848 3306 5290 9066 9437 538 7621 9756 1258 3727 6073 8463
25 19 7406 1601 9303 2737 9209 9152 7370 5715 3873 154 7425 9825 4202 6744 3878 1116 185 269 327 9117 1261 3730 6074 8480
25 5510 823 5853 5237 7245 5308 5626 7662 1891 2740 9880 2931 9275 7925 6347 850 317 7073 8141 246 3369 1277 3733 6080 8490
25 273 8086 772 1944 6615 2537 6873 3556 1629 7351 9143 1032 9621 9688 8579 2001 5968 9427 205 9287 6723 1285 3737 6084 8497
25 5358 3442 1862 3993 876 1252 1537 6414 3332 1839 4775 8912 7872 3363 9293 6224 2331 3001 7540 5942 1210 1288 3741 6087 8499
25 9627 6199 5034 6884 9116 3174 1639 4323 8896 3395 96 1885 4053 5152 388 1802 4674 6015 4904 9616 5485 1293 3745 6093 8501
25 1447 7253 1422 8062 1800 1443 9118 4204 7648 3532 4370 4893 2700 7523 3577 5276 4498 7409 2629 7051 6782 1300 3749 6096 8503
25 4437 4914 1040 7468 2663 3251 4566 4493 5708 8316 5694 1596 1382 9762 5805 2534 5429 6496 3434 2887 5395 1301 3755 6099 8519
25 1888 7612 4969 4347 1693 9789 5983 9837 4043 7479 5963 3639 4533 2716 2063 5594 9873 9793 6057 3535 936 1304 3762 6104 8528
25 9901 9654 7576 2327 2548 7922 4384 6513 8817 3997 7638 1988 3764 5019 5246 1957 2458 5073 8724 9323 811 1306 3771 6111 8532
25 3103 719 6133 3859 9433 6367 2722 433 3319 7552 2584 3846 5028 7063 5747 5922 2767 8402 3312 2454 1788 1322 3780 6113 8535
25 5693 2881 9037 7048 6333 1146 6268 4093 8564 5552 7868 1075 7491 2485 6406 3628 5820 6217 4862 5814 4909 1327 3781 6124 8540
25 6269 9042 2585 7535 4986 2969 1914 9928 2495 4871 8772 695 7076 1399 3183 3917 958 6310 1487 6959 6271 1336 3791 6127 8543
25 4637 187 3418 5289 8615 1387 5021 3905 3221 692 7698 9368 7745 7703 9017 8935 9258 2895 7517 1909 265 1343 3792 6136 8558
25 9976 6536 8529 9752 1348 4117 5054 1597 9879 1203 9870 2859 335 7798 243 2871 860 5462 8663 3652 8523 1344 3797 6148 8569
25 9514 6570 435 2399 5994 6122 1733 3262 4219 7075 1690 7153 1924 3392 4179 2391 7584 3106 9383 1751 6479 1350 3812 6152 8572
25 9412 2536 8274 6752 7794 9925 272 8431 2882 2590 2045 9367 9524 8977 798 1763 9124 1481 149 7416 4281 1356 3819 6153 8582
25 3257 6039 4593 4863 9543 1345 8009 1746 9709 412 2052 8968 8514 2168 6106 8205 5141 1077 9986 631 2858 1359 3820 6170 8594
25 8351 2999 9564 8840 4558 4154 5679 3731 6975 3808 4889 7461 3152 87 3996 5328 2779 1152 3943 8084 5072 1367 3825 6185 8596
25 7249 6252 9842 6523 4583 8682 6722 7383 9132 5307 7222 6880 1583 9261 3539 6495 4367 1442 1522 7126 4484 1374 3836 6191 8607
25 61 8055 8379 599 2954 5698 8510 9407 1561 8576 1603 1368 6726 2071 1836 6256 9248 6207 1467 8526 7202 1375 3838 6193 8611
25 2519 656 9104 6173 6321 6451 5700 7867 4388 813 3339 6636 7462 46 1070 45 3171 3604 7074 5118 1156 1377 3848 6212 8612
25 8587 1228 2577 4615 5885 8033 6181 2715 5411 6747 2587 186 7547 9900 7658 5871 5281 5903 1018 8461 9391 1378 3856 6221 8618
25 6916 3958 8323 3615 2927 2151 5238 2284 8691 6802 3127 8192 1241 8600 8436 6092 5869 8320 1736 6819 6676 1385 3857 6226 8622
25 7957 4536 7555 2967 2802 2176 9804 7962 871 1717 6006 6270 6561 4773 3706 1440 3995 7484 8110 4506 8089 1403 3858 6227 8625
25 6296 8449 8694 7309 3119 5043 3493 5844 3747 5268 8593 8852 6604 384 8060 2842 5703 4859 9580 1514 1091 1408 3860 6241 8633
25 2135 1845 704 3394 461 1587 6345 4979 1042 827 8403 7047 5079 7265 8655 347 6860 5787 1259 796 7358 1410 3870 6242 8636
25 3549 9202 4328 5782 7379 7148 458 1266 4064 3930 7507 1135 9634 1765 145 8741 6899 2127 3835 9775 7404 1425 3871 6246 8638
25 3024 4494 5861 5901 8395 3009 7682 2501 6272 2156 8111 9232 6915 6276 6352 915 201 8066 4180 1764 1659 1426 3880 6250 8648
25 1515 6575 2143 1723 9487 3722 3691 5779 5169 9188 3182 6682 8065 6628 8525 2733 7015 1180 2679 3591 7824 1437 3883 6258 8654
25 2147 7554 2426 5888 2900 4119 4645 5870 5959 6389 3401 3473 6838 4235 3142 7328 8483 7218 7518 4479 1982 1439 3884 6260 8666
25 6765 9121 8747 1332 1771 3108 9785 6567 3894 5724 3323 1979 1236 4313 8577 6435 236 9358 9560 7303 9782 1446 3886 6273 8669
25 4687 2963 4355 2657 3921 8266 3233 4921 8306 7564 8937 9907 4211 3610 7497 478 3242 7973 1696 7869 5354 1452 3887 6278 8674
25 7975 375 9144 6634 1689 1081 1031 3992 1352 2688 3164 7887 8886 3592 8472 7905 4573 4976 1654 3356 566 1472 3889 6285 8684
25 7553 8458 3531 2893 2652 2383 3159 173 6245 6452 6277 9480 9951 3509 4083 7127 974 9541 4676 9827 2196 1473 3897 6288 8685
25 4829 5766 7207 6484 2338 2782 3487 8796 290 5352 4334 1742 1563 5943 3759 5197 1166 2046 1661 1333 3132 1478 3899 6291 8700
25 2774 856 6237 6729 1676 5250 5567 5317 6116 8233 4629 4827 8011 9155 8347 6791 6796 8114 5657 2821 2785 1479 3914 6300 8712
25 1273 1986 6739 6248 9046 9246 4957 6806 219 2109 5480 2984 6431 577 1753 2655 6986 8183 5630 3890 3099 1495 3922 6302 8716
25 5227 3196 5285 7792 715 2731 6420 8991 4852 3750 544 339 789 1063 3744 5378 9373 7424 6691 78 7257 1507 3927 6311 8717
25 3025 2578 922 9485 355 5464 8560 689 9185 578 6336 3145 1188 620 8045 9218 134 9590 1129 7722 9489 1510 3928 6314 8722
25 7911 3047 8309 7580 5405 6659 1861 938 1672 2580 6980 4106 7340 1246 4715 6195 834 9266 7029 7526 1225 1540 3931 6322 8723
25 9691 5189 7569 9031 6498 4365 3278 6565 2279 9539 3027 6483 9315 7449 3056 5759 3864 960 8386 1973 59 1542 3934 6323 8726
25 9267 7934 380 2261 1873 663 6163 1275 4221 3796 4400 3191 6240 162 9064 3980 4513 4460 1274 2197 9747 1545 3941 6330 8727
25 961 1794 5899 6067 7415 1967 405 5360 6308 1724 5016 2561 6429 4975 1099 7785 9148 5170 129 7831 7261 1547 3945 6339 8730
25 3055 8795 4387 6279 5306 1319 1598 1357 9821 3538 2834 5610 1556 2340 891 9414 9008 2027 6046 648 1404 1549 3950 6342 8738
25 2531 502 9406 4981 8731 7267 7446 1466 7277 8359 3116 3372 1844 2500 8394 9984 1490 6553 3327 1894 5138 1552 3954 6348 8740
25 5090 3816 212 2809 6864 3785 1681 2505 5906 6813 801 5984 767 6225 3822 8598 7345 3742 4604 6233 1001 1558 3965 6349 8744
25 3017 8728 3384 7456 7873 4787 3686 3946 512 7536 2111 3794 1656 4166 5518 968 6166 1817 6481 2730 3115 1559 3969 6350 8753
25 7329 166 2020 2240 3149 8534 4058 742 9237 518 8250 5231 4619 6590 4519 6841 6394 4412 3932 4510 3189 1562 3971 6355 8762
25 203 9207 3770 8799 833 6503 9810 1907 7474 6996 5651 467 9933 1819 8427 6852 9542 6070 4165 7052 9940 1569 3975 6364 8770
25 5517 8302 6476 4664 5557 4628 85 3470 1921 8916 7779 4398 4351 496 9713 6421 258 712 2689 4275 3229 1573 3978 6365 8775
25 9003 1773 7445 4888 9158 728 2330 7933 2602 5005 2086 7125 1959 2095 5898 3355 8313 6050 6988 5024 5819 1574 3984 6368 8789
25 7104 208 6537 8520 2078 9249 4607 636 7108 8695 8335 4575 8245 8661 8031 5251 6788 6107 7818 4911 5606 1575 3985 6371 8797
25 2788 8555 1206 8227 7109 6512 8932 643 782 6593 2766 7130 2690 5129 3635 8017 3235 7110 2301 2097 8862 1577 3987 6390 8802
25 4848 7188 7693 6966 3991 9297 4046 9832 5929 1761 8428 1432 2075 815 4487 6055 7388 534 4737 6177 7242 1594 4013 6400 8818
25 3410 6971 9473 6984 6571 9190 4291 4930 6504 3967 3085 6705 1405 5608 4887 8186 7031 1607 9750 5812 3558 1599 4018 6405 8825
25 9254 615 2015 5377 7010 7716 2281 3961 2414 4835 7960 2800 717 6454 115 2978 3676 1144 3002 7402 5499 1602 4022 6419 8838
25 7657 2511 6618 141 377 7870 7999 4770 1932 6540 1922 1853 449 135 7852 2028 6542 1546 5673 1418 6933 1615 4023 6433 8847
25 7198 3090 8698 8644 338 5040 8610 4623 3266 152 6043 9844 4386 7128 6440 5062 7892 927 4457 3872 8044 1619 4040 6434 8850
25 6412 1363 8075 4907 7701 9508 2710 6756 7741 3342 5183 7331 9584 7910 5259 2707 6373 360 9193 5162 7954 1622 4041 6439 8861
25 8736 3364 5409 1637 7810 3802 7440 2479 7508 4512 754 8475 4853 7948 2290 5940 7618 4230 4240 1614 7593 1626 4042 6441 8865
25 610 8378 8412 3453 5879 6888 3907 1504 4876 151 8258 9575 9777 5329 7919 191 5781 2120 6187 4949 7410 1633 4047 6444 8866
25 7965 8856 6058 7366 5017 4318 293 997 847 1516 6297 2438 7939 517 9973 8358 3186 5316 4000 5051 2494 1636 4049 6461 8870
25 400 986 9452 6121 7811 320 8268 3141 4828 5619 7635 5639 9422 6797 2739 427 4745 570 9239 1928 731 1645 4054 6467 8874
25 5402 1557 5808 128 2482 3316 1872 1840 8209 4336 9403 591 3187 4262 6892 5075 959 9371 3715 2310 1139 1646 4077 6470 8879
25 6069 7428 3147 3651 4062 402 3433 4561 5582 740 6362 7729 569 6109 1818 8172 6037 2719 8061 2069 2677 1652 4091 6477 8884
25 9504 9166 633 3157 990 4924 9228 9459 877 3232 6707 5038 3823 1125 1754 2970 101 1859 6760 6257 3302 1653 4095 6492 8885
25 1593 6202 5920 55 9847 4832 9666 9298 4804 930 2040 2687 5315 5384 5283 9170 3854 4162 594 1127 9661 1658 4108 6494 8887
25 117 6742 4088 4666 9920 3181 5120 9229 2299 6556 9348 6488 4317 9946 213 1582 7056 4231 4701 675 9577 1662 4116 6505 8895
25 8557 9705 4247 3669 2220 3952 744 1647 27 1501 670 8841 3215 2047 9222 7765 1536 7144 2456 7310 2772 1677 4120 6507 8897
25 3371 1079 2480 1580 4293 6574 8071 1709 481 5140 3345 2239 9943 5725 6754 7835 7514 3046 5728 7670 4898 1680 4124 6514 8898
25 200 3632 8198 1521 4843 199 688 9043 4989 8135 2944 2420 8318 4168 4974 581 3143 7896 3448 5974 7753 1682 4127 6517 8900
25 5205 3513 2781 5757 7347 8182 9795 4085 7414 2209 693 4800 5670 1117 4647 844 4633 1497 7427 3298 2139 1691 4129 6518 8905
25 4349 8671 1160 6967 6885 216 5158 3007 9718 379 9853 4299 6887 3814 4681 1214 6211 7165 7087 3408 6792 1694 4133 6520 8907
25 6822 1349 64 8225 4300 4819 8590 2596 4007 6859 6254 8231 5556 6313 1670 2925 314 3304 1901 3497 5068 1699 4140 6521 8908
25 4307 2869 5012 2141 6120 8693 5123 9469 521 3973 8348 9583 9730 5191 3241 3548 9697 221 1936 3010 6610 1704 4156 6524 8910
25 6724 2711 6767 5998 3469 2989 5495 3483 9902 3602 2542 4006 3768 9356 2325 4707 9057 1544 613 1290 6154 1705 4158 6527 8913
25 3168 7690 9313 6871 4066 987 2665 9510 7397 5952 4899 6377 6868 5487 6846 1971 4161 1895 5613 4451 2049 1708 4177 6533 8921
25 8342 7451 1912 4130 8670 601 352 6042 2351 6262 5511 2997 809 1184 5905 4176 3581 9961 9840 4751 9531 1713 4178 6534 8923
25 2735 3585 8882 6356 5860 9790 1496 2924 6862 851 3813 4016 8353 6640 9149 4754 5239 8860 1238 7485 9119 1718 4181 6539 8925
25 3200 9846 1745 1644 6839 6833 7394 8750 4356 6856 3361 4362 4461 1029 5475 7369 2946 8997 2728 1483 710 1722 4185 6559 8934
25 3005 8868 6409 5182 7490 1245 7014 6643 214 7021 7907 1370 5156 7740 4464 7571 470 324 8417 8683 9786 1726 4186 6569 8939
25 6695 8425 8637 1309 9171 6832 2039 2653 1767 9378 2303 5261 8469 8026 2186 3062 9181 7660 6847 5935 6465 1730 4189 6586 8942
25 4761 1386 7846 779 3566 8063 4685 8283 883 5614 7746 8692 5186 941 3554 1270 8602 1786 9360 8581 2886 1731 4191 6600 8943
25 8699 4021 248 6493 4605 8591 2164 8440 7556 4850 8963 1610 6854 2162 4290 1893 5833 8482 7719 471 5979 1740 4192 6603 8947
25 4080 4421 2464 506 5256 9800 8173 2128 2874 2205 9839 5168 647 9855 8317 8264 804 8809 4316 5876 7044 1744 4193 6606 8948
25 8406 9680 3138 6379 3092 9881 886 8160 4395 7363 5706 1388 6835 6117 8315 9772 4610 4265 5989 7083 8185 1758 4197 6613 8949
25 6304 9087 7246 3746 6208 9681 1340 1896 9089 155 929 2676 3918 7777 6095 2685 469 8765 7184 430 5776 1801 4203 6623 8957
25 4225 8614 957 8783 3608 4087 1783 9330 8293 4847 903 905 5061 8032 4169 9587 3151 9622 4905 4553 9399 1805 4220 6626 8959
25 1200 1613 8464 9362 8667 947 428 2468 4326 889 1856 5403 1448 3037 6017 3964 8058 5741 6007 9253 7138 1808 4239 6631 8964
25 627 1908 1430 4869 7691 8259 7236 1779 2285 3756 2068 6038 5013 5681 9006 3460 6588 9958 8567 4390 5435 1809 4241 6632 8971
25 1372 7171 2661 6633 6159 4209 4690 278 870 9894 2803 9571 8649 5100 777 8153 9279 21 5591 2595 7767 1813 4242 6644 8972
25 8146 8773 1994 9712 7823 3053 7296 5692 332 8081 8922 3725 6947 8759 3834 2396 2339 7332 9384 2113 3464 1823 4243 6650 8980
25 6875 6402 7915 7561 2829 4035 7762 6155 8029 8357 3575 9062 5421 7033 6238 4995 281 3485 705 4771 6991 1825 4268 6665 8994
25 8133 4511 4673 5245 7150 3621 3083 2613 1328 3828 8003 490 9235 890 8109 6204 4126 3015 1772 1147 3902 1829 4271 6667 9004
25 3067 5381 5967 7372 2171 935 7344 8748 8228 4892 1182 7326 9085 6622 2177 6501 2193 3280 7781 9676 2251 1848 4277 6675 9005
25 7357 6182 2108 8823 9641 5523 9410 774 3154 6192 217 7796 1171 9553 3348 4765 3234 6334 5923 7744 3850 1855 4286 6686 9013
25 4742 2742 1491 1271 2885 2272 812 5391 8161 4870 7006 6134 1162 2057 7240 1103 3600 5533 9664 1118 2493 1858 4292 6687 9024
25 7993 284 9744 8506 3974 9779 3565 3940 9357 8039 4634 5303 895 8752 17 4444 8391 9883 4702 8824 437 1868 4296 6690 9025
25 5440 1189 9546 2975 2790 9987 6772 2190 7737 6446 6264 2183 1743 9841 8732 5667 1991 2022 5257 8517 2604 1878 4298 6693 9034
25 9974 775 9127 1564 8768 1470 244 6326 3701 9268 1650 8811 1464 8068 1782 4928 6144 4620 2259 3505 1987 1880 4301 6700 9049
25 7585 6023 5535 691 9141 7894 3117 1045 6179 536 5680 4919 4708 8476 1821 8479 3303 5388 6661 4069 296 1881 4305 6702 9058
25 1830 6485 1864 6198 7342 6165 2248 596 6312 8177 4710 6382 7521 2945 5932 5917 3981 9596 2226 1643 6417 1887 4308 6717 9061
25 7141 8190 5287 7916 5769 8981 3459 250 4878 1776 3022 3308 2753 6286 2053 1361 8589 3641 5515 3787 6595 1892 4310 6721 9067
25 975 5955 5300 8945 3636 3340 6858 8159 4358 3714 8034 4565 7893 3258 9949 8828 5581 1572 8658 1952 2188 1898 4315 6750 9069
25 3197 1625 2639 6818 3851 2121 3193 4423 5027 3682 118 2058 3895 7582 5585 985 6281 7800 6145 9955 3417 1905 4319 6753 9088
25 6265 4973 4586 7602 9139 4990 4591 8093 7778 7598 9975 1151 2546 7511 6510 9807 6936 9423 6568 2158 1456 1923 4321 6761 9097
25 8448 8102 1002 2907 2132 6920 3338 83 5522 524 2611 4582 2572 5755 3013 7854 5736 6759 5623 2847 3522 1929 4325 6766 9099
25 1995 4090 8804 9537 3839 7043 1198 4777 1365 3406 9460 1525 8067 5925 8050 4721 1234 8676 5867 9591 7836 1931 4332 6768 9120
25 4733 9282 4450 7686 1433 2332 857 1008 8121 531 4001 8733 7966 509 33 2877 3357 3926 4680 8132 7979 1935 4338 6770 9123
25 565 511 9505 7903 5699 1047 9179 3574 8833 8599 546 6234 1571 5488 123 4061 9783 8452 9332 3702 7251 1939 4341 6775 9146
25 483 6293 9199 9045 7647 409 9112 6387 9441 3082 5036 72 4722 6790 174 4946 3977 8998 932 472 5543 1948 4348 6817 9172
25 6189 9466 91 76 7045 4667 2513 6897 8779 520 6385 2146 7113 7541 7841 1797 6837 3658 7244 2389 2615 1950 4354 6828 9176
25 6735 2384 4643 1803 5756 9052 7197 3269 7353 1886 4012 6938 5780 414 7755 721 6594 6732 5773 6509 4324 1951 4363 6840 9178
25 6547 3697 4376 2366 7193 2477 2021 3657 996 8312 8360 7883 8513 5843 1482 491 9521 8920 7604 5685 4492 1956 4374 6853 9184
25 2784 8167 6877 5425 3708 1186 4429 9948 8088 6089 8549 1651 2574 8875 7124 4551 6175 1287 2094 7382 6458 1958 4378 6869 9196
25 533 1111 2919 6538 1123 2599 2942 202 686 1428 2085 5171 3118 1229 3389 8834 3942 9014 3853 4251 579 1961 4383 6870 9198
25 6228 6381 6305 7558 7525 6128 5702 90 6061 542 9572 5992 7003 4148 4736 9798 3677 3019 4216 6500 4122 1962 4392 6872 9203
25 6710 6119 8575 711 6021 4711 7579 3910 510 1612 2476 1239 6180 4574 429 5772 3936 8082 3180 9168 9131 1972 4393 6889 9206
25 6418 7438 245 6969 6672 9270 2670 2031 887 2948 9366 589 2607 4368 8757 4579 3131 8369 5117 522 8777 1976 4399 6890 9211
25 2603 2973 1910 1250 7119 4274 5976 2762 1469 6380 1918 2428 4144 1068 4413 9562 4357 1044 5302 1851 764 2002 4416 6917 9215
25 271 7092 9495 507 9022 3534 2959 5219 4289 1474 7327 9594 1197 1766 564 2054 7423 8097 7032 571 7723 2007 4424 6918 9227
25 2278 5771 1500 2982 2270 8918 8597 1870 7528 6953 508 2808 6866 4110 3260 8270 2624 1826 7034 8552 5883 2029 4432 6919 9243
25 2507 4855 8965 1553 7843 8020 2634 9963 4739 34 105 6733 350 4609 5258 2262 3290 4134 8755 6315 2280 2038 4445 6934 9250
25 328 8191 1221 7941 6799 9722 4366 6102 5655 7616 1707 7187 7747 7200 6525 8845 2091 7748 7959 3255 3903 2055 4446 6935 9259
25 2934 2293 5069 501 7567 1402 3939 7503 1098 5481 8725 1737 6578 3594 5823 2995 5096 5109 8488 2866 3080 2070 4473 6944 9277
25 2123 9068 8652 5160 6450 8407 6563 3 5292 4278 5154 5807 7775 8056 5249 597 3070 8130 4 8336 4145 2090 4474 6960 9281
25 9996 3176 9286 660 6550 2115 680 6462 817 2093 178 9113 8325 5830 7652 1621 2460 7669 8966 4697 6624 2096 4476 6964 9290
25 1609 4815 4653 9735 8831 9859 2228 7958 8719 4816 8459 2852 8208 5039 14 9715 6411 3179 2486 5735 1837 2098 4483 6976 9294
25 8484 419 9761 6168 9934 6900 1281 2431 3547 9027 1531 6416 9440 6427 4589 2555 312 5845 6544 136 2175 2100 4488 6993 9296
25 2986 1441 1326 8640 2390 4396 8273 5031 8763 9400 7254 2416 6071 6583 4856 3385 3227 4375 4075 7828 4936 2114 4490 6994 9304
25 3654 6076 5636 3482 9897 1041 7143 2323 9969 4521 7420 2761 7715 9381 5577 2425 4172 1484 389 3059 2103 2117 4501 6995 9309
25 4935 381 3735 7422 1104 8212 5093 2547 659 586 8673 369 9445 38 5104 810 341 4199 4267 6911 7405 2130 4509 6997 9311
25 1313 8338 1970 6987 9631 4246 306 9225 4163 9135 9050 3521 1649 7470 404 9041 619 9936 3627 6045 8507 2134 4530 7001 9312
25 2465 8462 3990 8485 1942 9321 5451 1750 3751 2901 106 8241 6346 5330 3868 2763 5115 466 5233 5253 5571 2138 4531 7002 9317
25 8559 3435 9720 1710 7266 2244 2635 6331 6223 969 1781 5221 1167 9603 2043 788 9646 625 1400 8372 7844 2145 4538 7008 9326
25 9757 159 444 799 9475 8150 9651 1937 4101 4560 3818 3225 2406 1124 7483 5740 9434 8 9589 2490 2409 2148 4540 7011 9329
25 6139 5717 9830 2180 1005 1004 3573 2119 8284 364 7542 330 6826 8064 9223 5796 7431 5742 7337 5900 4554 2152 4542 7017 9334
25 1757 6026 1222 3773 3740 4050 7707 3949 2254 6793 3933 6129 5648 9995 8344 6236 3551 4500 3642 2133 1642 2163 4545 7024 9336
25 4071 4143 6393 3393 3199 9114 9072 9570 6932 3915 9872 5267 3161 3166 3300 4797 2204 2637 8322 8538 299 2165 4556 7035 9339
25 6410 4630 29 4709 8179 6898 1804 7205 9866 9701 6581 5255 7945 7030 1678 4669 4434 8999 4236 4813 4978 2169 4557 7036 9350
25 6711 4882 7548 3663 8401 7140 6602 8450 9419 4430 5313 2932 6549 4999 2392 3876 8487 1824 9214 13 3863 2170 4563 7038 9354
25 6913 8155 5193 1046 4147 6000 4394 4805 9079 8512 3368 253 9353 8983 5288 4329 4548 1014 2879 2371 4678 2172 4568 7039 9374
25 7499 7129 1109 9481 4703 8298 9224 2831 4830 1875 3689 9320 4138 4381 5509 1411 7385 4458 7974 1318 4923 2185 4577 7042 9380
25 3972 3795 7019 9065 2320 5472 3016 2957 2854 2793 1917 6395 5529 4621 8393 6443 6979 7803 9145 5505 4057 2200 4580 7049 9387
25 8890 7040 4205 3623 5442 5603 7009 5981 2955 3351 1067 1785 6344 4382 1899 1940 4438 2631 7131 1698 2361 2202 4592 7053 9390
25 3375 8157 1560 4872 8134 9813 1297 8291 2680 2023 4902 1444 765 6972 53 331 3561 5946 6827 3254 8468 2203 4599 7057 9396
25 2166 7118 2981 2928 2324 353 9474 3130 4217 4074 634 5007 7961 6097 2282 386 8206 4896 6249 6016 3000 2208 4600 7058 9398
25 4020 6740 661 646 8261 6764 6605 3101 6655 1911 2535 7060 5562 9372 6720 3653 885 8647 3824 9937 6448 2210 4614 7059 9404
25 8262 5713 9563 2867 2304 7636 1078 1208 1381 6905 4100 2065 5993 2527 7947 822 9767 3681 5936 8541 1174 2211 4622 7069 9417
25 9805 5516 7211 403 4938 580 7365 9917 5116 7212 2565 9748 8621 1566 6343 4534 2083 197 9669 2155 5894 2221 4640 7093 9430
25 9965 9140 6689 5466 1299 2 5163 1012 1965 7090 3968 3979 7529 345 8144 9905 1877 1638 559 8282 4142 2223 4641 7105 9439
25 5049 5060 9289 1276 459 7769 8843 275 6940 4330 9363 884 600 4627 8242 3150 8095 9269 9953 9898 9970 2224 4649 7111 9443
25 672 1384 4031 8194 6825 8620 7389 6734 2374 2419 6712 3784 288 5795 4791 9683 4763 291 2349 5002 8893 2225 4650 7115 9448
25 5282 9538 6649 6491 852 8970 2649 7610 8909 8872 1458 2891 882 2201 6962 7583 1445 9154 3447 1019 108 2238 4662 7123 9454
25 5727 549 9402 7463 3798 8617 9288 4345 5083 4259 1423 6798 9108 5914 9519 2616 3343 8946 2372 8126 1663 2243 4671 7133 9461
25 4984 9409 4327 3205 4654 6751 5366 4942 3673 9612 4932 7067 6886 8604 8743 9051 294 3998 2286 1128 3128 2252 4683 7146 9465
25 8370 7196 6526 4167 8368 1667 5394 9425 8437 1302 6904 9125 2365 1954 308 8608 1155 1476 5930 1641 7302 2253 4691 7154 9467
25 8832 4826 8664 7401 1584 3672 639 5858 4523 3421 4449 7339 359 3075 7885 3091 1397 2612 1161 8891 7667 2257 4695 7157 9472
25 3603 4228 4078 1176 9421 3685 4970 5537 8127 2947 3467 4055 803 179 5216 2573 1792 171 4570 3671 3346 2269 4700 7160 9476
25 519 2217 4867 7808 3267 2375 8960 6332 5878 6736 4730 8819 7827 4201 9911 574 2727 2218 3520 6384 4269 2271 4716 7163 9484
25 3546 2112 6340 5907 3104 1518 6601 928 668 2667 6681 2350 8776 7944 2630 7655 2005 3040 6335 4926 142 2273 4719 7166 9488
25 6053 753 4792 2235 1831 4499 3038 2116 9420 7608 7550 5336 6091 228 158 7659 9169 3390 2277 1085 4783 2276 4725 7168 9499
25 7230 5477 2673 4602 8079 4636 4297 4250 760 7865 5091 9655 2452 6449 7396 2812 3801 7121 8162 1347 5150 2287 4726 7173 9507
25 394 4657 3477 1897 9633 8300 230 6164 8493 4433 9244 9386 9426 4524 5236 9692 5767 289 8168 5676 8941 2300 4729 7175 9515
25 423 4017 3122 2748 1415 2846 4834 399 6033 9077 4890 5484 5590 6506 7560 2099 4419 9486 3273 8710 831 2307 4732 7181 9520
25 5856 6430 6316 196 4594 5486 74 8601 4880 839 7578 1039 71 3707 5822 4997 6627 2656 598 4925 1284 2312 4741 7182 9522
25 4648 5234 802 6562 475 5684 8237 1509 6064 7914 8465 2288 4280 7094 2980 8303 2423 9814 9942 7161 2032 2322 4747 7183 9525
25 2720 7884 3249 8901 3877 4411 8798 8688 318 2990 8294 7292 6072 1401 8709 8810 2237 5513 4820 2289 6487 2326 4750 7185 9530
25 5086 726 7162 1774 3772 5214 9424 7501 2048 1065 5180 1854 1666 984 9689 2370 6876 301 6086 5778 3431 2329 4755 7192 9532
25 4794 830 2292 671 7208 4352 5187 1314 6777 6253 8643 3736 6531 3955 5640 8729 5355 6088 1427 5918 2318 2334 4757 7201 9533
25 768 9291 6663 1595 9382 916 965 1255 1233 2837 9236 3953 3852 9342 6287 1739 5492 6990 2864 7725 4425 2337 4759 7204 9536
25 825 8118 7988 9319 5417 7077 3476 7546 5904 714 3428 3247 6075 3202 6728 2422 5975 937 4993 8839 5718 2353 4760 7206 9545
25 9625 69 4063 1193 5991 9611 970 2016 6149 3788 1688 5496 8388 9492 8565 6950 2437 1820 5797 1570 3507 2358 4766 7214 9567
25 3294 92 9696 1568 1282 4879 9649 2017 543 5882 2841 4155 1814 5965 407 9377 3376 2855 7432 2594 4005 2363 4778 7215 9568
25 119 655 7512 8207 8447 9694 2899 5525 7322 3501 1770 7805 806 2066 8754 8680 5489 75 592 6834 7773 2373 4779 7219 9569
25 9347 4115 6541 7203 5892 5351 1532 7081 3439 7982 2309 3508 1554 4436 3832 3896 7400 738 6214 2449 3081 2376 4790 7223 9573
25 32 6645 1263 1102 918 4944 8539 8938 3230 4360 8289 3209 5135 4616 9908 7544 7478 1703 778 8047 8677 2408 4793 7228 9599
25 474 7346 4913 6582 65 7085 4443 4044 7169 5627 2778 703 2674 3018 7886 344 4447 4442 6789 7760 5410 2410 4795 7235 9600
25 4980 2912 8713 9030 3789 9264 9554 5076 2632 6137 8749 4026 9858 7082 8805 4581 40 5570 6317 8527 888 2411 4799 7239 9601
25 9164 5649 523 5818 4696 2291 9658 7392 7149 6359 2256 1520 9592 276 9379 4837 8107 4672 9674 7977 3322 2427 4803 7241 9606
25 4112 8955 5996 7515 9778 9988 4884 1393 1338 3136 7998 5851 4596 2889 23 2346 9966 4427 3252 4916 1732 2441 4811 7252 9608
25 7471 9345 6473 463 3601 8814 1429 8917 8419 8662 4503 7858 6660 2137 1673 5223 8286 3400 5687 8554 722 2445 4812 7264 9614
25 7557 7494 1272 3885 5764 1248 7321 732 7284 3382 5852 6083 9857 7675 8014 8354 4952 420 4626 7946 5461 2448 4817 7281 9637
25 5948 9610 3311 4104 47 6062 2916 2504 9060 7637 4407 4590 3815 7275 3003 7480 6028 5839 5368 51 1966 2450 4818 7283 9639
25 7430 6329 9394 6580 8477 2241 6716 4802 4985 5530 1714 7195 5945 7486 614 7132 8986 6968 1295 6748 3380 2457 4823 7288 9642
25 1240 1735 9992 3904 8373 2589 6008 485 397 5605 6353 4389 1807 2440 866 4226 111 31 8409 1454 8877 2463 4841 7289 9648
25 1674 4713 9128 7013 2648 8951 5584 1050 81 5347 2668 6383 5139 5026 9173 2161 2433 5813 4448 1822 7112 2487 4846 7290 9650
25 5668 7114 7901 1752 7301 2174 9972 385 8542 2850 7923 9833 8605 1631 5732 3827 2194 3728 6621 8392 5333 2488 4861 7304 9668
25 8787 2313 8631 8774 751 1902 6366 1502 3121 1165 3137 7137 9919 5526 9893 4668 6635 4151 8340 395 1360 2491 4865 7307 9673
25 7465 4704 175 1232 6002 7227 5210 310 2274 1778 4470 2832 1960 8568 4738 2283 2191 9527 1849 8508 4157 2492 4883 7311 9677
25 9314 8367 6893 7209 2455 9160 5371 4857 3704 9896 5260 4527 4322 1719 940 776 6396 3240 3609 6158 2321 2499 4886 7335 9690
25 8711 9450 1220 3584 3065 9263 1791 5862 9962 1539 500 3962 7107 7838 6231 5468 5226 6592 6585 3804 8778 2502 4891 7338 9693
25 4910 9947 2453 6041 908 1177 4105 552 9548 5372 5765 8408 4740 4543 9094 3419 5985 2011 6731 6230 9359 2508 4900 7343 9703
25 1465 6244 3966 3314 709 9292 6213 561 7250 6001 5802 9598 6951 6275 9959 5128 8790 4288 447 9791 7437 2509 4901 7348 9711
25 2783 9619 5465 4048 9968 4426 2857 6030 1033 8562 9565 4625 1946 6945 4508 9624 2125 8249 6576 4578 8069 2516 4908 7349 9714
25 6123 1323 6956 3775 2382 3524 8616 979 9941 2633 4762 7505 6259 4391 1600 1049 4174 4333 8043 2430 0 2521 4918 7356 9716
25 6239 1100 9743 4113 7799 1030 9082 8995 3299 1072 2359 8544 7443 6894 4283 440 3175 2692 366 5339 6 2528 4922 7368 9719
25 8803 7861 9526 6757 1949 3583 7176 5565 8883 2557 7549 7599 334 1389 6891 2974 3449 4019 5494 2249 7 2529 4929 7371 9721
25 1503 1627 7364 7931 292 7513 3292 4369 7534 9490 9107 8627 2532 5298 3379 9740 3700 5910 5458 7268 12 2530 4931 7374 9726
25 8435 4034 8791 1838 6029 282 8101 8103 1451 4011 6727 2387 2826 5447 5365 8387 333 5677 5806 7720 20 2540 4951 7375 9736
25 6831 9316 5695 9815 8953 6263 622 4635 4359 4070 4409 9822 3078 7694 9518 3071 540 323 2475 4215 44 2544 4955 7376 9739
25 2056 8681 4788 3425 2335 2515 425 6882 5519 8844 4123 8383 8004 2446 8975 7419 3330 192 9365 8352 49 2554 4961 7390 9749
25 666 3655 9265 7609 3510 1692 7217 7220 9327 7790 2741 5097 6928 2533 7734 1059 6105 3769 7772 1760 54 2563 4962 7391 9753
25 3616 6942 7687 3073 2355 3879 7793 3474 5309 8030 5343 6785 1130 9324 2369 7736 8982 7084 2608 8202 58 2564 4968 7393 9759
25 2883 1565 2706 893 6865 2539 4776 3842 7403 3354 6171 7782 8635 7488 5786 9231 3452 7845 9808 2638 60 2579 4972 7395 9765
25 497 6132 6280 1364 7004 3765 7668 8492 7927 7926 3659 6309 3810 1675 3217 5580 3529 4897 5705 1216 70 2586 4983 7433 9766
25 2436 4958 3833 2082 7929 5291 6059 5023 6552 8928 3006 3511 6040 1632 9428 7269 9868 6052 1903 1526 73 2591 4987 7441 9770
25 734 3629 8996 8766 5001 5957 7633 3667 1996 678 6692 9982 2472 1533 9516 2703 4272 3336 2219 5147 79 2597 4996 7450 9771
25 9306 1863 4223 8028 3381 6989 2754 2401 3360 4529 1342 4089 9016 4030 547 4612 9501 3844 7151 5280 86 2606 5003 7458 9776
25 9078 1550 849 6587 2126 5829 5503 5559 1316 2732 3045 3668 9678 426 3568 4222 6781 9200 188 8397 89 2609 5010 7459 9792
25 8203 6186 5304 4195 2935 8547 5658 7098 6054 6243 567 2364 9695 4454 4632 7027 9343 5022 7408 5720 107 2610 5020 7460 9794
25 4693 7134 1833 6879 8277 8193 3228 6925 1810 1945 5921 9904 4838 5564 2336 2598 1268 9509 2064 5889 124 2617 5029 7467 9796
25 3281 9820 1113 1013 2315 4784 4698 4840 8650 2081 2018 8108 1590 2705 2087 9105 2545 4361 2136 6388 131 2618 5030 7472 9803
25 109 6101 6985 4353 3753 572 8761 8583 442 9233 1421 8362 2092 8537 8355 5612 5969 5455 4982 3959 143 2620 5035 7476 9811
25 6206 1527 2008 2061 3466 1834 1199 5006 6357 2712 5498 7411 8924 1108 7012 4408 5413 4459 3301 1164 144 2625 5037 7482 9829
25 5235 6843 8801 5816 39 3443 4718 2745 1168 1941 814 2636 6325 6823 2721 2212 3268 2354 6176 7577 148 2627 5044 7487 9831
25 7314 7889 8176 9613 4170 4699 9278 5382 5301 3446 1657 2796 588 3982 9903 2749 642 8151 6464 5664 160 2628 5046 7489 9834
25 8784 210 1407 7804 5990 1963 9355 7417 7735 1591 3805 5430 7495 2333 4572 189 8015 6914 9895 8087 165 2650 5047 7496 9849
25 9733 6141 730 7172 5837 4806 7282 8314 8705 3738 3913 4915 2896 2222 3587 2654 4646 3670 9787 8327 170 2658 5048 7509 9850
25 9550 921 2110 2402 4141 2525 3938 9799 1163 5080 3061 8116 785 1413 3399 5521 1187 1280 3023 1092 176 2659 5055 7519 9854
25 2538 8758 9133 7380 8272 3461 3173 2684 6292 8200 9754 5278 7142 4420 5327 1351 4456 5924 1462 6545 181 2664 5059 7522 9860
25 6466 8566 8629 2910 1685 2717 3454 2062 621 505 904 8851 7695 4051 4102 6140 5204 4768 4844 488 182 2669 5063 7524 9865
25 8236 7994 3325 193 93 161 6910 285 9234 1790 2903 8906 8969 4466 6130 5195 5320 5419 4252 3335 195 2671 5065 7527 9875
25 3821 2036 902 780 9823 7278 6816 1449 1286 907 7248 7330 1317 6551 2088 9861 9760 1390 2258 2795 204 2691 5067 7537 9876
25 6706 4873 8892 6392 527 9033 4406 4801 4135 4033 337 6486 2471 2266 7158 1278 977 6460 1720 262 207 2697 5071 7539 9878
25 3555 5576 1414 2233 2937 1194 1913 3893 4644 9944 880 872 5196 7492 7780 681 5242 8180 8090 2736 218 2704 5077 7559 9885
25 1097 9134 4875 4245 1980 1455 4029 1879 5827 5999 1538 4486 6142 2302 9529 8240 1 8455 1919 8424 220 2709 5078 7565 9887
25 4601 300 5783 3326 3925 7847 9457 5167 5042 1508 6572 7651 9036 1915 2911 7520 1036 1748 163 7054 224 2724 5084 7566 9891
25 7685 7020 5241 6455 9871 3648 8189 9636 3498 4651 4727 9310 9964 7055 6374 5643 9189 1581 2059 8083 226 2746 5108 7568 9906
25 4455 554 4767 8864 4953 5689 2231 1604 487 3757 3763 8721 4073 113 861 6447 7297 6014 5098 6354 229 2750 5110 7581 9909
25 6424 156 832 5473 7614 1981 5849 516 7516 114 5181 6463 3219 8764 8145 7377 2870 5207 5057 2294 231 2755 5111 7586 9910
25 7862 9071 4260 3826 7645 2626 9436 8821 9630 4851 7890 6554 4831 3674 2541 4132 3086 9717 4079 6701 234 2764 5125 7589 9914
25 9274 9890 8290 4227 4003 541 2412 8247 10 4164 9704 2150 9385 5572 8944 1811 8460 5949 781 605 240 2770 5127 7590 9915
25 5387 8445 9226 5212 6584 9000 7629 5674 2875 3213 1175 6709 3909 5420 988 5326 4864 8305 5318 3595 242 2773 5130 7600 9916
25 5721 9464 6031 6596 9191 133 5690 7679 126 4478 4694 8287 6658 2588 2344 184 2643 9494 3724 9764 247 2786 5144 7601 9918
25 9670 5295 147 9684 7594 1355 8855 8550 357 3212 8504 1789 1071 7500 4934 7473 6049 609 6844 1158 251 2794 5149 7603 9921
25 206 3030 3366 8826 5143 1796 2179 8446 3263 4397 8531 4304 9096 4431 5770 5671 2985 9307 3518 1366 263 2806 5159 7606 9922
25 3445 7704 7135 7226 4128 3754 4232 6970 9044 5635 4526 8164 4076 7664 8381 2723 4692 5604 5832 1195 270 2813 5173 7611 9931
25 3411 9926 2787 8806 9187 6713 7860 7298 9498 4613 1499 5004 5102 99 5938 9824 9147 7359 9048 5363 295 2814 5174 7615 9932
25 4428 5507 8229 9981 951 9100 1057 9442 1686 3650 8416 8742 4453 2619 3960 2050 2157 3405 9773 9552 302 2815 5175 7617 9938
25 277 5332 7493 4866 8073 5184 9886 3843 6824 878 2154 9081 5527 4514 8117 5131 6845 3283 1172 5811 307 2816 5176 7623 9956
25 7677 842 4836 1660 3169 9950 3489 5050 6629 3570 8252 2769 6408 7199 2863 9994 3465 16 3244 7025 316 2818 5179 7625 9960
25 489 3276 4966 7444 9106 5954 3537 7627 4452 9602 6515 7817 4809 7291 8894 6684 5737 2035 9663 9700 321 2820 5190 7632 9967
25 3544 5970 7323 8915 315 6771 1132 991 2407 2051 7062 8390 7256 4340 1617 8846 6147 1262 3716 8166 322 2822 5198 7641 9990
25 8219 6216 9497 6519 1110 7770 9734 9392 7726 7531 8660 6369 8052 5739 1926 5146 576 9656 7624 6978 325 2824 5224 7649 9993
25 3129 9511 5809 5208 8573 477 1394 6475 260 6829 9053 4571 7866 63 727 4082 7806 2823 6194 9129 336 2830 5225 7673 9999
